\BOOKMARK [1][-]{section.1}{1. Introduction}{}% 1
\BOOKMARK [2][-]{subsection.1.1}{1.1. The Genesis of Cloud Computing}{section.1}% 2
\BOOKMARK [2][-]{subsection.1.2}{1.2. The Cloud}{section.1}% 3
\BOOKMARK [2][-]{subsection.1.3}{1.3. Grid Computing}{section.1}% 4
\BOOKMARK [2][-]{subsection.1.4}{1.4. Volunteer Computing}{section.1}% 5
\BOOKMARK [2][-]{subsection.1.5}{1.5. Volunteer Cloud Computing}{section.1}% 6
\BOOKMARK [1][-]{section.2}{2. Related Work}{}% 7
\BOOKMARK [2][-]{subsection.2.1}{2.1. Cloud@Home}{section.2}% 8
\BOOKMARK [2][-]{subsection.2.2}{2.2. P2P Cloud System}{section.2}% 9
\BOOKMARK [1][-]{section.3}{3. Motivation}{}% 10
\BOOKMARK [2][-]{subsection.3.1}{3.1. Problem Statement}{section.3}% 11
\BOOKMARK [2][-]{subsection.3.2}{3.2. Service Model}{section.3}% 12
\BOOKMARK [2][-]{subsection.3.3}{3.3. Applications}{section.3}% 13
\BOOKMARK [1][-]{section.4}{4. Contributions}{}% 14
\BOOKMARK [1][-]{section.5}{5. Network Layer}{}% 15
\BOOKMARK [2][-]{subsection.5.1}{5.1. P2PCS}{section.5}% 16
\BOOKMARK [2][-]{subsection.5.2}{5.2. Cloud@Home}{section.5}% 17
\BOOKMARK [2][-]{subsection.5.3}{5.3. Musings}{section.5}% 18
\BOOKMARK [2][-]{subsection.5.4}{5.4. Gossip-based protocols, what is the chat about?}{section.5}% 19
\BOOKMARK [2][-]{subsection.5.5}{5.5. To structure or not to, that is the question}{section.5}% 20
\BOOKMARK [2][-]{subsection.5.6}{5.6. Kademlia}{section.5}% 21
\BOOKMARK [1][-]{section.6}{6. Virtual Layer}{}% 22
\BOOKMARK [2][-]{subsection.6.1}{6.1. Light Virtualization}{section.6}% 23
\BOOKMARK [2][-]{subsection.6.2}{6.2. Docker}{section.6}% 24
\BOOKMARK [1][-]{section.7}{7. Application Program Interface Layer}{}% 25
\BOOKMARK [2][-]{subsection.7.1}{7.1. Requirements Analysis PaaS APIs}{section.7}% 26
\BOOKMARK [2][-]{subsection.7.2}{7.2. Databases and Storage Solutions}{section.7}% 27
\BOOKMARK [1][-]{section*.1}{References}{}% 28
