This is pdfTeX, Version 3.14159265-2.6-1.40.15 (TeX Live 2014) (preloaded format=pdflatex 2014.5.25)  10 JUN 2015 17:49
entering extended mode
 restricted \write18 enabled.
 file:line:error style messages enabled.
 %&-line parsing enabled.
**\input thesis.tex
(./thesis.tex (./uo_temp.cls

LaTeX Warning: You have requested document class `uo_temp',
               but the document class provides `ut-thesis'.

Document Class: ut-thesis 2012/06/01 v2.0 graduate theses at the University of 
Toronto
\@thesisfootnotesep=\skip41
\@thesismarginparpush=\skip42
(/usr/local/texlive/2014/texmf-dist/tex/latex/base/report.cls
Document Class: report 2007/10/19 v1.4h Standard LaTeX document class
(/usr/local/texlive/2014/texmf-dist/tex/latex/base/size12.clo
File: size12.clo 2007/10/19 v1.4h Standard LaTeX file (size option)
)
\c@part=\count79
\c@chapter=\count80
\c@section=\count81
\c@subsection=\count82
\c@subsubsection=\count83
\c@paragraph=\count84
\c@subparagraph=\count85
\c@figure=\count86
\c@table=\count87
\abovecaptionskip=\skip43
\belowcaptionskip=\skip44
\bibindent=\dimen102
)
(/usr/local/texlive/2014/texmf-dist/tex/latex/tools/calc.sty
Package: calc 2007/08/22 v4.3 Infix arithmetic (KKT,FJ)
\calc@Acount=\count88
\calc@Bcount=\count89
\calc@Adimen=\dimen103
\calc@Bdimen=\dimen104
\calc@Askip=\skip45
\calc@Bskip=\skip46
LaTeX Info: Redefining \setlength on input line 75.
LaTeX Info: Redefining \addtolength on input line 76.
\calc@Ccount=\count90
\calc@Cskip=\skip47
)
(/usr/local/texlive/2014/texmf-dist/tex/latex/geometry/geometry.sty
Package: geometry 2010/09/12 v5.6 Page Geometry

(/usr/local/texlive/2014/texmf-dist/tex/latex/graphics/keyval.sty
Package: keyval 2014/05/08 v1.15 key=value parser (DPC)
\KV@toks@=\toks14
)
(/usr/local/texlive/2014/texmf-dist/tex/generic/oberdiek/ifpdf.sty
Package: ifpdf 2011/01/30 v2.3 Provides the ifpdf switch (HO)
Package ifpdf Info: pdfTeX in PDF mode is detected.
)
(/usr/local/texlive/2014/texmf-dist/tex/generic/oberdiek/ifvtex.sty
Package: ifvtex 2010/03/01 v1.5 Detect VTeX and its facilities (HO)
Package ifvtex Info: VTeX not detected.
)
(/usr/local/texlive/2014/texmf-dist/tex/generic/ifxetex/ifxetex.sty
Package: ifxetex 2010/09/12 v0.6 Provides ifxetex conditional
)
\Gm@cnth=\count91
\Gm@cntv=\count92
\c@Gm@tempcnt=\count93
\Gm@bindingoffset=\dimen105
\Gm@wd@mp=\dimen106
\Gm@odd@mp=\dimen107
\Gm@even@mp=\dimen108
\Gm@layoutwidth=\dimen109
\Gm@layoutheight=\dimen110
\Gm@layouthoffset=\dimen111
\Gm@layoutvoffset=\dimen112
\Gm@dimlist=\toks15
)
(/usr/local/texlive/2014/texmf-dist/tex/latex/setspace/setspace.sty
Package: setspace 2011/12/19 v6.7a set line spacing
))

./thesis.tex:5: LaTeX Error: Option clash for package geometry.

See the LaTeX manual or LaTeX Companion for explanation.
Type  H <return>  for immediate help.
 ...                                              
                                                  
l.5 \usepackage
               {enumitem}
The package geometry has already been loaded with options:
  []
There has now been an attempt to load it with options
  [top=1in, left=1in, right=1in, bottom=1in]
Adding the global options:
  ,top=1in, left=1in, right=1in, bottom=1in
to your \documentclass declaration may fix this.
Try typing  <return>  to proceed.

(/usr/local/texlive/2014/texmf-dist/tex/latex/enumitem/enumitem.sty
Package: enumitem 2011/09/28 v3.5.2 Customized lists
\labelindent=\skip48
\enit@outerparindent=\dimen113
\enit@toks=\toks16
\enit@inbox=\box26
\enitdp@description=\count94
)
(/usr/local/texlive/2014/texmf-dist/tex/latex/amsmath/amsmath.sty
Package: amsmath 2013/01/14 v2.14 AMS math features
\@mathmargin=\skip49

For additional information on amsmath, use the `?' option.
(/usr/local/texlive/2014/texmf-dist/tex/latex/amsmath/amstext.sty
Package: amstext 2000/06/29 v2.01

(/usr/local/texlive/2014/texmf-dist/tex/latex/amsmath/amsgen.sty
File: amsgen.sty 1999/11/30 v2.0
\@emptytoks=\toks17
\ex@=\dimen114
))
(/usr/local/texlive/2014/texmf-dist/tex/latex/amsmath/amsbsy.sty
Package: amsbsy 1999/11/29 v1.2d
\pmbraise@=\dimen115
)
(/usr/local/texlive/2014/texmf-dist/tex/latex/amsmath/amsopn.sty
Package: amsopn 1999/12/14 v2.01 operator names
)
\inf@bad=\count95
LaTeX Info: Redefining \frac on input line 210.
\uproot@=\count96
\leftroot@=\count97
LaTeX Info: Redefining \overline on input line 306.
\classnum@=\count98
\DOTSCASE@=\count99
LaTeX Info: Redefining \ldots on input line 378.
LaTeX Info: Redefining \dots on input line 381.
LaTeX Info: Redefining \cdots on input line 466.
\Mathstrutbox@=\box27
\strutbox@=\box28
\big@size=\dimen116
LaTeX Font Info:    Redeclaring font encoding OML on input line 566.
LaTeX Font Info:    Redeclaring font encoding OMS on input line 567.
\macc@depth=\count100
\c@MaxMatrixCols=\count101
\dotsspace@=\muskip10
\c@parentequation=\count102
\dspbrk@lvl=\count103
\tag@help=\toks18
\row@=\count104
\column@=\count105
\maxfields@=\count106
\andhelp@=\toks19
\eqnshift@=\dimen117
\alignsep@=\dimen118
\tagshift@=\dimen119
\tagwidth@=\dimen120
\totwidth@=\dimen121
\lineht@=\dimen122
\@envbody=\toks20
\multlinegap=\skip50
\multlinetaggap=\skip51
\mathdisplay@stack=\toks21
LaTeX Info: Redefining \[ on input line 2665.
LaTeX Info: Redefining \] on input line 2666.
)
(/usr/local/texlive/2014/texmf-dist/tex/latex/algorithms/algorithm.sty
Package: algorithm 2009/08/24 v0.1 Document Style `algorithm' - floating enviro
nment

(/usr/local/texlive/2014/texmf-dist/tex/latex/float/float.sty
Package: float 2001/11/08 v1.3d Float enhancements (AL)
\c@float@type=\count107
\float@exts=\toks22
\float@box=\box29
\@float@everytoks=\toks23
\@floatcapt=\box30
)
(/usr/local/texlive/2014/texmf-dist/tex/latex/base/ifthen.sty
Package: ifthen 2001/05/26 v1.1c Standard LaTeX ifthen package (DPC)
)
\@float@every@algorithm=\toks24
\c@algorithm=\count108
)
(/usr/local/texlive/2014/texmf-dist/tex/latex/algorithmicx/algpseudocode.sty
Package: algpseudocode 

(/usr/local/texlive/2014/texmf-dist/tex/latex/algorithmicx/algorithmicx.sty
Package: algorithmicx 2005/04/27 v1.2 Algorithmicx

Document Style algorithmicx 1.2 - a greatly improved `algorithmic' style
\c@ALG@line=\count109
\c@ALG@rem=\count110
\c@ALG@nested=\count111
\ALG@tlm=\skip52
\ALG@thistlm=\skip53
\c@ALG@Lnr=\count112
\c@ALG@blocknr=\count113
\c@ALG@storecount=\count114
\c@ALG@tmpcounter=\count115
\ALG@tmplength=\skip54
)
Document Style - pseudocode environments for use with the `algorithmicx' style
) (/usr/local/texlive/2014/texmf-dist/tex/latex/graphics/graphicx.sty
Package: graphicx 2014/04/25 v1.0g Enhanced LaTeX Graphics (DPC,SPQR)

(/usr/local/texlive/2014/texmf-dist/tex/latex/graphics/graphics.sty
Package: graphics 2009/02/05 v1.0o Standard LaTeX Graphics (DPC,SPQR)

(/usr/local/texlive/2014/texmf-dist/tex/latex/graphics/trig.sty
Package: trig 1999/03/16 v1.09 sin cos tan (DPC)
)
(/usr/local/texlive/2014/texmf-dist/tex/latex/latexconfig/graphics.cfg
File: graphics.cfg 2010/04/23 v1.9 graphics configuration of TeX Live
)
Package graphics Info: Driver file: pdftex.def on input line 91.

(/usr/local/texlive/2014/texmf-dist/tex/latex/pdftex-def/pdftex.def
File: pdftex.def 2011/05/27 v0.06d Graphics/color for pdfTeX

(/usr/local/texlive/2014/texmf-dist/tex/generic/oberdiek/infwarerr.sty
Package: infwarerr 2010/04/08 v1.3 Providing info/warning/error messages (HO)
)
(/usr/local/texlive/2014/texmf-dist/tex/generic/oberdiek/ltxcmds.sty
Package: ltxcmds 2011/11/09 v1.22 LaTeX kernel commands for general use (HO)
)
\Gread@gobject=\count116
))
\Gin@req@height=\dimen123
\Gin@req@width=\dimen124
)
(/usr/local/texlive/2014/texmf-dist/tex/latex/caption/caption.sty
Package: caption 2013/05/02 v3.3-89 Customizing captions (AR)

(/usr/local/texlive/2014/texmf-dist/tex/latex/caption/caption3.sty
Package: caption3 2013/05/02 v1.6-88 caption3 kernel (AR)
Package caption3 Info: TeX engine: e-TeX on input line 57.
\captionmargin=\dimen125
\captionmargin@=\dimen126
\captionwidth=\dimen127
\caption@tempdima=\dimen128
\caption@indent=\dimen129
\caption@parindent=\dimen130
\caption@hangindent=\dimen131
)
\c@ContinuedFloat=\count117
Package caption Info: float package is loaded.
)
(/usr/local/texlive/2014/texmf-dist/tex/latex/caption/subcaption.sty
Package: subcaption 2013/02/03 v1.1-62 Sub-captions (AR)
\c@subfigure=\count118
\c@subtable=\count119
)
(/usr/local/texlive/2014/texmf-dist/tex/latex/pgf/frontendlayer/tikz.sty
(/usr/local/texlive/2014/texmf-dist/tex/latex/pgf/basiclayer/pgf.sty
(/usr/local/texlive/2014/texmf-dist/tex/latex/pgf/utilities/pgfrcs.sty
(/usr/local/texlive/2014/texmf-dist/tex/generic/pgf/utilities/pgfutil-common.te
x
\pgfutil@everybye=\toks25
\pgfutil@tempdima=\dimen132
\pgfutil@tempdimb=\dimen133

(/usr/local/texlive/2014/texmf-dist/tex/generic/pgf/utilities/pgfutil-common-li
sts.tex))
(/usr/local/texlive/2014/texmf-dist/tex/generic/pgf/utilities/pgfutil-latex.def
\pgfutil@abb=\box31
(/usr/local/texlive/2014/texmf-dist/tex/latex/ms/everyshi.sty
Package: everyshi 2001/05/15 v3.00 EveryShipout Package (MS)
))
(/usr/local/texlive/2014/texmf-dist/tex/generic/pgf/utilities/pgfrcs.code.tex
Package: pgfrcs 2013/12/20 v3.0.0 (rcs-revision 1.28)
))
Package: pgf 2013/12/18 v3.0.0 (rcs-revision 1.14)
(/usr/local/texlive/2014/texmf-dist/tex/latex/pgf/basiclayer/pgfcore.sty
(/usr/local/texlive/2014/texmf-dist/tex/latex/pgf/systemlayer/pgfsys.sty
(/usr/local/texlive/2014/texmf-dist/tex/generic/pgf/systemlayer/pgfsys.code.tex
Package: pgfsys 2013/11/30 v3.0.0 (rcs-revision 1.47)
(/usr/local/texlive/2014/texmf-dist/tex/generic/pgf/utilities/pgfkeys.code.tex
\pgfkeys@pathtoks=\toks26
\pgfkeys@temptoks=\toks27

(/usr/local/texlive/2014/texmf-dist/tex/generic/pgf/utilities/pgfkeysfiltered.c
ode.tex
\pgfkeys@tmptoks=\toks28
))
\pgf@x=\dimen134
\pgf@y=\dimen135
\pgf@xa=\dimen136
\pgf@ya=\dimen137
\pgf@xb=\dimen138
\pgf@yb=\dimen139
\pgf@xc=\dimen140
\pgf@yc=\dimen141
\w@pgf@writea=\write3
\r@pgf@reada=\read1
\c@pgf@counta=\count120
\c@pgf@countb=\count121
\c@pgf@countc=\count122
\c@pgf@countd=\count123
\t@pgf@toka=\toks29
\t@pgf@tokb=\toks30
\t@pgf@tokc=\toks31

(/usr/local/texlive/2014/texmf-dist/tex/generic/pgf/systemlayer/pgf.cfg
File: pgf.cfg 2008/05/14  (rcs-revision 1.7)
)
Driver file for pgf: pgfsys-pdftex.def

(/usr/local/texlive/2014/texmf-dist/tex/generic/pgf/systemlayer/pgfsys-pdftex.d
ef
File: pgfsys-pdftex.def 2013/07/18  (rcs-revision 1.33)

(/usr/local/texlive/2014/texmf-dist/tex/generic/pgf/systemlayer/pgfsys-common-p
df.def
File: pgfsys-common-pdf.def 2013/10/10  (rcs-revision 1.13)
)))
(/usr/local/texlive/2014/texmf-dist/tex/generic/pgf/systemlayer/pgfsyssoftpath.
code.tex
File: pgfsyssoftpath.code.tex 2013/09/09  (rcs-revision 1.9)
\pgfsyssoftpath@smallbuffer@items=\count124
\pgfsyssoftpath@bigbuffer@items=\count125
)
(/usr/local/texlive/2014/texmf-dist/tex/generic/pgf/systemlayer/pgfsysprotocol.
code.tex
File: pgfsysprotocol.code.tex 2006/10/16  (rcs-revision 1.4)
)) (/usr/local/texlive/2014/texmf-dist/tex/latex/xcolor/xcolor.sty
Package: xcolor 2007/01/21 v2.11 LaTeX color extensions (UK)

(/usr/local/texlive/2014/texmf-dist/tex/latex/latexconfig/color.cfg
File: color.cfg 2007/01/18 v1.5 color configuration of teTeX/TeXLive
)
Package xcolor Info: Driver file: pdftex.def on input line 225.
Package xcolor Info: Model `cmy' substituted by `cmy0' on input line 1337.
Package xcolor Info: Model `hsb' substituted by `rgb' on input line 1341.
Package xcolor Info: Model `RGB' extended on input line 1353.
Package xcolor Info: Model `HTML' substituted by `rgb' on input line 1355.
Package xcolor Info: Model `Hsb' substituted by `hsb' on input line 1356.
Package xcolor Info: Model `tHsb' substituted by `hsb' on input line 1357.
Package xcolor Info: Model `HSB' substituted by `hsb' on input line 1358.
Package xcolor Info: Model `Gray' substituted by `gray' on input line 1359.
Package xcolor Info: Model `wave' substituted by `hsb' on input line 1360.
)
(/usr/local/texlive/2014/texmf-dist/tex/generic/pgf/basiclayer/pgfcore.code.tex
Package: pgfcore 2010/04/11 v3.0.0 (rcs-revision 1.7)
(/usr/local/texlive/2014/texmf-dist/tex/generic/pgf/math/pgfmath.code.tex
(/usr/local/texlive/2014/texmf-dist/tex/generic/pgf/math/pgfmathcalc.code.tex
(/usr/local/texlive/2014/texmf-dist/tex/generic/pgf/math/pgfmathutil.code.tex)
(/usr/local/texlive/2014/texmf-dist/tex/generic/pgf/math/pgfmathparser.code.tex
\pgfmath@dimen=\dimen142
\pgfmath@count=\count126
\pgfmath@box=\box32
\pgfmath@toks=\toks32
\pgfmath@stack@operand=\toks33
\pgfmath@stack@operation=\toks34
)
(/usr/local/texlive/2014/texmf-dist/tex/generic/pgf/math/pgfmathfunctions.code.
tex
(/usr/local/texlive/2014/texmf-dist/tex/generic/pgf/math/pgfmathfunctions.basic
.code.tex)
(/usr/local/texlive/2014/texmf-dist/tex/generic/pgf/math/pgfmathfunctions.trigo
nometric.code.tex)
(/usr/local/texlive/2014/texmf-dist/tex/generic/pgf/math/pgfmathfunctions.rando
m.code.tex)
(/usr/local/texlive/2014/texmf-dist/tex/generic/pgf/math/pgfmathfunctions.compa
rison.code.tex)
(/usr/local/texlive/2014/texmf-dist/tex/generic/pgf/math/pgfmathfunctions.base.
code.tex)
(/usr/local/texlive/2014/texmf-dist/tex/generic/pgf/math/pgfmathfunctions.round
.code.tex)
(/usr/local/texlive/2014/texmf-dist/tex/generic/pgf/math/pgfmathfunctions.misc.
code.tex)
(/usr/local/texlive/2014/texmf-dist/tex/generic/pgf/math/pgfmathfunctions.integ
erarithmetics.code.tex)))
(/usr/local/texlive/2014/texmf-dist/tex/generic/pgf/math/pgfmathfloat.code.tex
\c@pgfmathroundto@lastzeros=\count127
))
(/usr/local/texlive/2014/texmf-dist/tex/generic/pgf/basiclayer/pgfcorepoints.co
de.tex
File: pgfcorepoints.code.tex 2013/10/07  (rcs-revision 1.27)
\pgf@picminx=\dimen143
\pgf@picmaxx=\dimen144
\pgf@picminy=\dimen145
\pgf@picmaxy=\dimen146
\pgf@pathminx=\dimen147
\pgf@pathmaxx=\dimen148
\pgf@pathminy=\dimen149
\pgf@pathmaxy=\dimen150
\pgf@xx=\dimen151
\pgf@xy=\dimen152
\pgf@yx=\dimen153
\pgf@yy=\dimen154
\pgf@zx=\dimen155
\pgf@zy=\dimen156
)
(/usr/local/texlive/2014/texmf-dist/tex/generic/pgf/basiclayer/pgfcorepathconst
ruct.code.tex
File: pgfcorepathconstruct.code.tex 2013/10/07  (rcs-revision 1.29)
\pgf@path@lastx=\dimen157
\pgf@path@lasty=\dimen158
)
(/usr/local/texlive/2014/texmf-dist/tex/generic/pgf/basiclayer/pgfcorepathusage
.code.tex
File: pgfcorepathusage.code.tex 2013/12/13  (rcs-revision 1.23)
\pgf@shorten@end@additional=\dimen159
\pgf@shorten@start@additional=\dimen160
)
(/usr/local/texlive/2014/texmf-dist/tex/generic/pgf/basiclayer/pgfcorescopes.co
de.tex
File: pgfcorescopes.code.tex 2013/10/09  (rcs-revision 1.44)
\pgfpic=\box33
\pgf@hbox=\box34
\pgf@layerbox@main=\box35
\pgf@picture@serial@count=\count128
)
(/usr/local/texlive/2014/texmf-dist/tex/generic/pgf/basiclayer/pgfcoregraphicst
ate.code.tex
File: pgfcoregraphicstate.code.tex 2013/09/19  (rcs-revision 1.11)
\pgflinewidth=\dimen161
)
(/usr/local/texlive/2014/texmf-dist/tex/generic/pgf/basiclayer/pgfcoretransform
ations.code.tex
File: pgfcoretransformations.code.tex 2013/10/10  (rcs-revision 1.17)
\pgf@pt@x=\dimen162
\pgf@pt@y=\dimen163
\pgf@pt@temp=\dimen164
)
(/usr/local/texlive/2014/texmf-dist/tex/generic/pgf/basiclayer/pgfcorequick.cod
e.tex
File: pgfcorequick.code.tex 2008/10/09  (rcs-revision 1.3)
)
(/usr/local/texlive/2014/texmf-dist/tex/generic/pgf/basiclayer/pgfcoreobjects.c
ode.tex
File: pgfcoreobjects.code.tex 2006/10/11  (rcs-revision 1.2)
)
(/usr/local/texlive/2014/texmf-dist/tex/generic/pgf/basiclayer/pgfcorepathproce
ssing.code.tex
File: pgfcorepathprocessing.code.tex 2013/09/09  (rcs-revision 1.9)
)
(/usr/local/texlive/2014/texmf-dist/tex/generic/pgf/basiclayer/pgfcorearrows.co
de.tex
File: pgfcorearrows.code.tex 2013/11/07  (rcs-revision 1.40)
\pgfarrowsep=\dimen165
)
(/usr/local/texlive/2014/texmf-dist/tex/generic/pgf/basiclayer/pgfcoreshade.cod
e.tex
File: pgfcoreshade.code.tex 2013/07/15  (rcs-revision 1.15)
\pgf@max=\dimen166
\pgf@sys@shading@range@num=\count129
)
(/usr/local/texlive/2014/texmf-dist/tex/generic/pgf/basiclayer/pgfcoreimage.cod
e.tex
File: pgfcoreimage.code.tex 2013/07/15  (rcs-revision 1.18)

(/usr/local/texlive/2014/texmf-dist/tex/generic/pgf/basiclayer/pgfcoreexternal.
code.tex
File: pgfcoreexternal.code.tex 2013/07/15  (rcs-revision 1.20)
\pgfexternal@startupbox=\box36
))
(/usr/local/texlive/2014/texmf-dist/tex/generic/pgf/basiclayer/pgfcorelayers.co
de.tex
File: pgfcorelayers.code.tex 2013/07/18  (rcs-revision 1.7)
)
(/usr/local/texlive/2014/texmf-dist/tex/generic/pgf/basiclayer/pgfcoretranspare
ncy.code.tex
File: pgfcoretransparency.code.tex 2013/09/30  (rcs-revision 1.5)
)
(/usr/local/texlive/2014/texmf-dist/tex/generic/pgf/basiclayer/pgfcorepatterns.
code.tex
File: pgfcorepatterns.code.tex 2013/11/07  (rcs-revision 1.5)
)))
(/usr/local/texlive/2014/texmf-dist/tex/generic/pgf/modules/pgfmoduleshapes.cod
e.tex
File: pgfmoduleshapes.code.tex 2013/10/31  (rcs-revision 1.34)
\pgfnodeparttextbox=\box37
)
(/usr/local/texlive/2014/texmf-dist/tex/generic/pgf/modules/pgfmoduleplot.code.
tex
File: pgfmoduleplot.code.tex 2013/07/31  (rcs-revision 1.12)
)
(/usr/local/texlive/2014/texmf-dist/tex/latex/pgf/compatibility/pgfcomp-version
-0-65.sty
Package: pgfcomp-version-0-65 2007/07/03 v3.0.0 (rcs-revision 1.7)
\pgf@nodesepstart=\dimen167
\pgf@nodesepend=\dimen168
)
(/usr/local/texlive/2014/texmf-dist/tex/latex/pgf/compatibility/pgfcomp-version
-1-18.sty
Package: pgfcomp-version-1-18 2007/07/23 v3.0.0 (rcs-revision 1.1)
))
(/usr/local/texlive/2014/texmf-dist/tex/latex/pgf/utilities/pgffor.sty
(/usr/local/texlive/2014/texmf-dist/tex/latex/pgf/utilities/pgfkeys.sty
(/usr/local/texlive/2014/texmf-dist/tex/generic/pgf/utilities/pgfkeys.code.tex)
) (/usr/local/texlive/2014/texmf-dist/tex/latex/pgf/math/pgfmath.sty
(/usr/local/texlive/2014/texmf-dist/tex/generic/pgf/math/pgfmath.code.tex))
(/usr/local/texlive/2014/texmf-dist/tex/generic/pgf/utilities/pgffor.code.tex
Package: pgffor 2013/12/13 v3.0.0 (rcs-revision 1.25)

(/usr/local/texlive/2014/texmf-dist/tex/generic/pgf/math/pgfmath.code.tex)
\pgffor@iter=\dimen169
\pgffor@skip=\dimen170
\pgffor@stack=\toks35
\pgffor@toks=\toks36
))
(/usr/local/texlive/2014/texmf-dist/tex/generic/pgf/frontendlayer/tikz/tikz.cod
e.tex
Package: tikz 2013/12/13 v3.0.0 (rcs-revision 1.142)

(/usr/local/texlive/2014/texmf-dist/tex/generic/pgf/libraries/pgflibraryplothan
dlers.code.tex
File: pgflibraryplothandlers.code.tex 2013/08/31 v3.0.0 (rcs-revision 1.20)
\pgf@plot@mark@count=\count130
\pgfplotmarksize=\dimen171
)
\tikz@lastx=\dimen172
\tikz@lasty=\dimen173
\tikz@lastxsaved=\dimen174
\tikz@lastysaved=\dimen175
\tikzleveldistance=\dimen176
\tikzsiblingdistance=\dimen177
\tikz@figbox=\box38
\tikz@figbox@bg=\box39
\tikz@tempbox=\box40
\tikz@tempbox@bg=\box41
\tikztreelevel=\count131
\tikznumberofchildren=\count132
\tikznumberofcurrentchild=\count133
\tikz@fig@count=\count134

(/usr/local/texlive/2014/texmf-dist/tex/generic/pgf/modules/pgfmodulematrix.cod
e.tex
File: pgfmodulematrix.code.tex 2013/09/17  (rcs-revision 1.8)
\pgfmatrixcurrentrow=\count135
\pgfmatrixcurrentcolumn=\count136
\pgf@matrix@numberofcolumns=\count137
)
\tikz@expandcount=\count138

(/usr/local/texlive/2014/texmf-dist/tex/generic/pgf/frontendlayer/tikz/librarie
s/tikzlibrarytopaths.code.tex
File: tikzlibrarytopaths.code.tex 2008/06/17 v3.0.0 (rcs-revision 1.2)
)))
(/usr/local/texlive/2014/texmf-dist/tex/latex/hyperref/hyperref.sty
Package: hyperref 2012/11/06 v6.83m Hypertext links for LaTeX

(/usr/local/texlive/2014/texmf-dist/tex/generic/oberdiek/hobsub-hyperref.sty
Package: hobsub-hyperref 2012/05/28 v1.13 Bundle oberdiek, subset hyperref (HO)


(/usr/local/texlive/2014/texmf-dist/tex/generic/oberdiek/hobsub-generic.sty
Package: hobsub-generic 2012/05/28 v1.13 Bundle oberdiek, subset generic (HO)
Package: hobsub 2012/05/28 v1.13 Construct package bundles (HO)
Package hobsub Info: Skipping package `infwarerr' (already loaded).
Package hobsub Info: Skipping package `ltxcmds' (already loaded).
Package: ifluatex 2010/03/01 v1.3 Provides the ifluatex switch (HO)
Package ifluatex Info: LuaTeX not detected.
Package hobsub Info: Skipping package `ifvtex' (already loaded).
Package: intcalc 2007/09/27 v1.1 Expandable calculations with integers (HO)
Package hobsub Info: Skipping package `ifpdf' (already loaded).
Package: etexcmds 2011/02/16 v1.5 Avoid name clashes with e-TeX commands (HO)
Package etexcmds Info: Could not find \expanded.
(etexcmds)             That can mean that you are not using pdfTeX 1.50 or
(etexcmds)             that some package has redefined \expanded.
(etexcmds)             In the latter case, load this package earlier.
Package: kvsetkeys 2012/04/25 v1.16 Key value parser (HO)
Package: kvdefinekeys 2011/04/07 v1.3 Define keys (HO)
Package: pdftexcmds 2011/11/29 v0.20 Utility functions of pdfTeX for LuaTeX (HO
)
Package pdftexcmds Info: LuaTeX not detected.
Package pdftexcmds Info: \pdf@primitive is available.
Package pdftexcmds Info: \pdf@ifprimitive is available.
Package pdftexcmds Info: \pdfdraftmode found.
Package: pdfescape 2011/11/25 v1.13 Implements pdfTeX's escape features (HO)
Package: bigintcalc 2012/04/08 v1.3 Expandable calculations on big integers (HO
)
Package: bitset 2011/01/30 v1.1 Handle bit-vector datatype (HO)
Package: uniquecounter 2011/01/30 v1.2 Provide unlimited unique counter (HO)
)
Package hobsub Info: Skipping package `hobsub' (already loaded).
Package: letltxmacro 2010/09/02 v1.4 Let assignment for LaTeX macros (HO)
Package: hopatch 2012/05/28 v1.2 Wrapper for package hooks (HO)
Package: xcolor-patch 2011/01/30 xcolor patch
Package: atveryend 2011/06/30 v1.8 Hooks at the very end of document (HO)
Package atveryend Info: \enddocument detected (standard20110627).
Package: atbegshi 2011/10/05 v1.16 At begin shipout hook (HO)
Package: refcount 2011/10/16 v3.4 Data extraction from label references (HO)
Package: hycolor 2011/01/30 v1.7 Color options for hyperref/bookmark (HO)
)
(/usr/local/texlive/2014/texmf-dist/tex/latex/oberdiek/auxhook.sty
Package: auxhook 2011/03/04 v1.3 Hooks for auxiliary files (HO)
)
(/usr/local/texlive/2014/texmf-dist/tex/latex/oberdiek/kvoptions.sty
Package: kvoptions 2011/06/30 v3.11 Key value format for package options (HO)
)
\@linkdim=\dimen178
\Hy@linkcounter=\count139
\Hy@pagecounter=\count140

(/usr/local/texlive/2014/texmf-dist/tex/latex/hyperref/pd1enc.def
File: pd1enc.def 2012/11/06 v6.83m Hyperref: PDFDocEncoding definition (HO)
)
\Hy@SavedSpaceFactor=\count141

(/usr/local/texlive/2014/texmf-dist/tex/latex/latexconfig/hyperref.cfg
File: hyperref.cfg 2002/06/06 v1.2 hyperref configuration of TeXLive
)
Package hyperref Info: Hyper figures OFF on input line 4443.
Package hyperref Info: Link nesting OFF on input line 4448.
Package hyperref Info: Hyper index ON on input line 4451.
Package hyperref Info: Plain pages OFF on input line 4458.
Package hyperref Info: Backreferencing OFF on input line 4463.
Package hyperref Info: Implicit mode ON; LaTeX internals redefined.
Package hyperref Info: Bookmarks ON on input line 4688.
\c@Hy@tempcnt=\count142

(/usr/local/texlive/2014/texmf-dist/tex/latex/url/url.sty
\Urlmuskip=\muskip11
Package: url 2013/09/16  ver 3.4  Verb mode for urls, etc.
)
LaTeX Info: Redefining \url on input line 5041.
\XeTeXLinkMargin=\dimen179
\Fld@menulength=\count143
\Field@Width=\dimen180
\Fld@charsize=\dimen181
Package hyperref Info: Hyper figures OFF on input line 6295.
Package hyperref Info: Link nesting OFF on input line 6300.
Package hyperref Info: Hyper index ON on input line 6303.
Package hyperref Info: backreferencing OFF on input line 6310.
Package hyperref Info: Link coloring OFF on input line 6315.
Package hyperref Info: Link coloring with OCG OFF on input line 6320.
Package hyperref Info: PDF/A mode OFF on input line 6325.
LaTeX Info: Redefining \ref on input line 6365.
LaTeX Info: Redefining \pageref on input line 6369.
\Hy@abspage=\count144
\c@Item=\count145
\c@Hfootnote=\count146
)

Package hyperref Message: Driver (autodetected): hpdftex.

(/usr/local/texlive/2014/texmf-dist/tex/latex/hyperref/hpdftex.def
File: hpdftex.def 2012/11/06 v6.83m Hyperref driver for pdfTeX
\Fld@listcount=\count147
\c@bookmark@seq@number=\count148

(/usr/local/texlive/2014/texmf-dist/tex/latex/oberdiek/rerunfilecheck.sty
Package: rerunfilecheck 2011/04/15 v1.7 Rerun checks for auxiliary files (HO)
Package uniquecounter Info: New unique counter `rerunfilecheck' on input line 2
82.
)
\Hy@SectionHShift=\skip55
)
(/usr/local/texlive/2014/texmf-dist/tex/latex/pgf-umlsd/pgf-umlsd.sty
Package: pgf-umlsd 2011/07/27 v0.6 Some LaTeX macros for UML Sequence Diagrams.


(/usr/local/texlive/2014/texmf-dist/tex/generic/pgf/frontendlayer/tikz/librarie
s/tikzlibraryarrows.code.tex
File: tikzlibraryarrows.code.tex 2008/01/09 v3.0.0 (rcs-revision 1.1)

(/usr/local/texlive/2014/texmf-dist/tex/generic/pgf/libraries/pgflibraryarrows.
code.tex
File: pgflibraryarrows.code.tex 2013/09/23 v3.0.0 (rcs-revision 1.16)
\arrowsize=\dimen182
))
(/usr/local/texlive/2014/texmf-dist/tex/generic/pgf/frontendlayer/tikz/librarie
s/tikzlibraryshadows.code.tex
File: tikzlibraryshadows.code.tex 2008/01/13 v3.0.0 (rcs-revision 1.3)

(/usr/local/texlive/2014/texmf-dist/tex/generic/pgf/frontendlayer/tikz/librarie
s/tikzlibraryfadings.code.tex
File: tikzlibraryfadings.code.tex 2009/11/15 v3.0.0 (rcs-revision 1.2)

(/usr/local/texlive/2014/texmf-dist/tex/generic/pgf/libraries/pgflibraryfadings
.code.tex
File: pgflibraryfadings.code.tex 2008/02/07 v3.0.0 (rcs-revision 1.3)
)))
\c@preinst=\count149
\c@instnum=\count150
\c@threadnum=\count151
\c@seqlevel=\count152
\c@callevel=\count153
\c@callselflevel=\count154
\c@blocklevel=\count155
)
(/usr/local/texlive/2014/texmf-dist/tex/generic/pgf/frontendlayer/tikz/librarie
s/tikzlibrarycalc.code.tex
File: tikzlibrarycalc.code.tex 2013/07/15 v3.0.0 (rcs-revision 1.9)
)
(/usr/local/texlive/2014/texmf-dist/tex/latex/booktabs/booktabs.sty
Package: booktabs 2005/04/14 v1.61803 publication quality tables
\heavyrulewidth=\dimen183
\lightrulewidth=\dimen184
\cmidrulewidth=\dimen185
\belowrulesep=\dimen186
\belowbottomsep=\dimen187
\aboverulesep=\dimen188
\abovetopsep=\dimen189
\cmidrulesep=\dimen190
\cmidrulekern=\dimen191
\defaultaddspace=\dimen192
\@cmidla=\count156
\@cmidlb=\count157
\@aboverulesep=\dimen193
\@belowrulesep=\dimen194
\@thisruleclass=\count158
\@lastruleclass=\count159
\@thisrulewidth=\dimen195
)
(/usr/local/texlive/2014/texmf-dist/tex/latex/tabu/tabu.sty
Package: tabu 2011/02/26 v2.8 - flexible LaTeX tabulars (FC)

(/usr/local/texlive/2014/texmf-dist/tex/latex/tools/array.sty
Package: array 2008/09/09 v2.4c Tabular extension package (FMi)
\col@sep=\dimen196
\extrarowheight=\dimen197
\NC@list=\toks37
\extratabsurround=\skip56
\backup@length=\skip57
)
(/usr/local/texlive/2014/texmf-dist/tex/latex/varwidth/varwidth.sty
Package: varwidth 2009/03/30 ver 0.92;  Variable-width minipages
\@vwid@box=\box42
\sift@deathcycles=\count160
\@vwid@loff=\dimen198
\@vwid@roff=\dimen199
)
\c@taburow=\count161
\tabu@nbcols=\count162
\tabu@cnt=\count163
\tabu@Xcol=\count164
\tabu@alloc=\count165
\tabu@nested=\count166
\tabu@target=\dimen200
\tabu@spreadtarget=\dimen201
\tabu@naturalX=\dimen202
\tabucolX=\dimen203
\tabu@Xsum=\dimen204
\extrarowdepth=\dimen205
\abovetabulinesep=\dimen206
\belowtabulinesep=\dimen207
\tabustrutrule=\dimen208
\tabu@thebody=\toks38
\tabu@footnotes=\toks39
\tabu@box=\box43
\tabu@arstrutbox=\box44
\tabu@hleads=\box45
\tabu@vleads=\box46
\tabu@cellskip=\skip58
)
(/usr/local/texlive/2014/texmf-dist/tex/latex/tools/longtable.sty
Package: longtable 2004/02/01 v4.11 Multi-page Table package (DPC)
\LTleft=\skip59
\LTright=\skip60
\LTpre=\skip61
\LTpost=\skip62
\LTchunksize=\count167
\LTcapwidth=\dimen209
\LT@head=\box47
\LT@firsthead=\box48
\LT@foot=\box49
\LT@lastfoot=\box50
\LT@cols=\count168
\LT@rows=\count169
\c@LT@tables=\count170
\c@LT@chunks=\count171
\LT@p@ftn=\toks40
)
(/usr/local/texlive/2014/texmf-dist/tex/latex/lipsum/lipsum.sty
Package: lipsum 2011/04/14 v1.2 150 paragraphs of Lorem Ipsum dummy text
\c@lips@count=\count172
)
(/usr/local/texlive/2014/texmf-dist/tex/latex/listings/listings.sty
\lst@mode=\count173
\lst@gtempboxa=\box51
\lst@token=\toks41
\lst@length=\count174
\lst@currlwidth=\dimen210
\lst@column=\count175
\lst@pos=\count176
\lst@lostspace=\dimen211
\lst@width=\dimen212
\lst@newlines=\count177
\lst@lineno=\count178
\lst@maxwidth=\dimen213

(/usr/local/texlive/2014/texmf-dist/tex/latex/listings/lstmisc.sty
File: lstmisc.sty 2014/03/04 1.5c (Carsten Heinz)
\c@lstnumber=\count179
\lst@skipnumbers=\count180
\lst@framebox=\box52
)
(/usr/local/texlive/2014/texmf-dist/tex/latex/listings/listings.cfg
File: listings.cfg 2014/03/04 1.5c listings configuration
))
Package: listings 2014/03/04 1.5c (Carsten Heinz)

(/usr/local/texlive/2014/texmf-dist/tex/latex/appendix/appendix.sty
Package: appendix 2009/09/02 v1.2b extra appendix facilities
\c@@pps=\count181
\c@@ppsavesec=\count182
\c@@ppsaveapp=\count183
)
(/usr/local/texlive/2014/texmf-dist/tex/latex/glossaries/base/glossaries.sty
Package: glossaries 2014/04/04 v4.07 (NLCT)

(/usr/local/texlive/2014/texmf-dist/tex/latex/xkeyval/xkeyval.sty
Package: xkeyval 2014/05/09 v2.6d package option processing (HA)

(/usr/local/texlive/2014/texmf-dist/tex/generic/xkeyval/xkeyval.tex
\XKV@toks=\toks42
\XKV@tempa@toks=\toks43
\XKV@depth=\count184
File: xkeyval.tex 2014/05/09 v2.6d key=value parser (HA)
))
(/usr/local/texlive/2014/texmf-dist/tex/latex/glossaries/base/mfirstuc.sty
Package: mfirstuc 2013/11/04 v1.08 (NLCT)

(/usr/local/texlive/2014/texmf-dist/tex/latex/etoolbox/etoolbox.sty
Package: etoolbox 2011/01/03 v2.1 e-TeX tools for LaTeX

(/usr/local/texlive/2014/texmf-dist/tex/latex/etex-pkg/etex.sty
Package: etex 1998/03/26 v2.0 eTeX basic definition package (PEB)
\et@xins=\count185
)
\etb@tempcnta=\count186
)
\@glsmfirst=\toks44
\@glsmrest=\toks45
)
(/usr/local/texlive/2014/texmf-dist/tex/latex/textcase/textcase.sty
Package: textcase 2004/10/07 v0.07 Text only upper/lower case changing (DPC)
)
(/usr/local/texlive/2014/texmf-dist/tex/latex/xfor/xfor.sty
Package: xfor 2009/02/05 v1.05 (NLCT)
)
(/usr/local/texlive/2014/texmf-dist/tex/latex/datatool/datatool-base.sty
Package: datatool-base 2013/09/06 v2.18 (NLCT)

(/usr/local/texlive/2014/texmf-dist/tex/latex/substr/substr.sty
Package: substr 2009/10/20 v1.2 Handle substrings
\c@su@anzahl=\count187
)
(/usr/local/texlive/2014/texmf-dist/tex/latex/datatool/datatool-fp.sty
Package: datatool-fp 2013/08/29 v2.17 (NLCT)

(/usr/local/texlive/2014/texmf-dist/tex/latex/fp/fp.sty
Package: fp 1995/04/02

`Fixed Point Package', Version 0.8, April 2, 1995 (C) Michael Mehlich
(/usr/local/texlive/2014/texmf-dist/tex/latex/fp/defpattern.sty
Package: defpattern 1994/10/12
\actioncount=\count188
)
(/usr/local/texlive/2014/texmf-dist/tex/latex/fp/fp-basic.sty
Package: fp-basic 1996/05/13
\FP@xs=\count189
\FP@xia=\count190
\FP@xib=\count191
\FP@xfa=\count192
\FP@xfb=\count193
\FP@rega=\count194
\FP@regb=\count195
\FP@regs=\count196
\FP@times=\count197
)
(/usr/local/texlive/2014/texmf-dist/tex/latex/fp/fp-addons.sty
Package: fp-addons 1995/03/15
)
(/usr/local/texlive/2014/texmf-dist/tex/latex/fp/fp-snap.sty
Package: fp-snap 1995/04/05
)
(/usr/local/texlive/2014/texmf-dist/tex/latex/fp/fp-exp.sty
Package: fp-exp 1995/04/03
)
(/usr/local/texlive/2014/texmf-dist/tex/latex/fp/fp-trigo.sty
Package: fp-trigo 1995/04/14
)
(/usr/local/texlive/2014/texmf-dist/tex/latex/fp/fp-pas.sty
Package: fp-pas 1994/08/29
)
(/usr/local/texlive/2014/texmf-dist/tex/latex/fp/fp-random.sty
Package: fp-random 1995/02/23
\FPseed=\count198
)
(/usr/local/texlive/2014/texmf-dist/tex/latex/fp/fp-eqn.sty
Package: fp-eqn 1995/04/03
)
(/usr/local/texlive/2014/texmf-dist/tex/latex/fp/fp-upn.sty
Package: fp-upn 1996/10/21
)
(/usr/local/texlive/2014/texmf-dist/tex/latex/fp/fp-eval.sty
Package: fp-eval 1995/04/03
)))
\@dtl@toks=\toks46
\@dtl@tmpcount=\count199
\dtl@tmplength=\skip63
\dtl@sortresult=\count200
\@dtl@numgrpsepcount=\count201
\@dtl@datatype=\count202
\dtl@codeA=\count203
\dtl@codeB=\count204
\@dtl@foreach@level=\count205
)
(/usr/local/texlive/2014/texmf-dist/tex/latex/glossaries/base/glossaries-compat
ible-307.sty
Package: glossaries-compatible-307 2013/11/14 v4.0 (NLCT)
)
\gls@level=\count206
\@gls@tmpb=\toks47
\gls@tmplen=\skip64
\glskeylisttok=\toks48
\glslabeltok=\toks49
\glsshorttok=\toks50
\glslongtok=\toks51

(/usr/local/texlive/2014/texmf-dist/tex/latex/glossaries/styles/glossary-hypern
av.sty
Package: glossary-hypernav 2013/11/14 v4.0 (NLCT)
)
(/usr/local/texlive/2014/texmf-dist/tex/latex/glossaries/styles/glossary-list.s
ty
Package: glossary-list 2013/11/14 v4.0 (NLCT)
\glslistdottedwidth=\skip65
)
(/usr/local/texlive/2014/texmf-dist/tex/latex/glossaries/styles/glossary-long.s
ty
Package: glossary-long 2013/11/14 v4.0 (NLCT)
\glsdescwidth=\skip66
\glspagelistwidth=\skip67
)
(/usr/local/texlive/2014/texmf-dist/tex/latex/glossaries/styles/glossary-super.
sty
Package: glossary-super 2013/11/14 v4.0 (NLCT)
 (/usr/local/texlive/2014/texmf-dist/tex/latex/supertabular/supertabular.sty
Package: supertabular 2004/02/20 v4.1e the supertabular environment
\c@tracingst=\count207
\ST@wd=\dimen214
\ST@rightskip=\skip68
\ST@leftskip=\skip69
\ST@parfillskip=\skip70
\ST@pageleft=\dimen215
\ST@headht=\dimen216
\ST@tailht=\dimen217
\ST@pagesofar=\dimen218
\ST@pboxht=\dimen219
\ST@lineht=\dimen220
\ST@stretchht=\dimen221
\ST@prevht=\dimen222
\ST@toadd=\dimen223
\ST@dimen=\dimen224
\ST@pbox=\box53
))
(/usr/local/texlive/2014/texmf-dist/tex/latex/glossaries/styles/glossary-tree.s
ty
Package: glossary-tree 2014/03/06 v4.04 (NLCT)
\glstreeindent=\skip71
))
\glswrite=\write4
\glo@acronym@file=\write5
\openout5 = `thesis.acn'.

Package glossaries Info: Writing glossary file thesis.acn on input line 33.

(/usr/local/texlive/2014/texmf-dist/tex/generic/pgf/frontendlayer/tikz/librarie
s/tikzlibrarypositioning.code.tex
File: tikzlibrarypositioning.code.tex 2008/10/06 v3.0.0 (rcs-revision 1.7)
)
(/usr/local/texlive/2014/texmf-dist/tex/generic/pgf/frontendlayer/tikz/librarie
s/tikzlibraryfit.code.tex
File: tikzlibraryfit.code.tex 2013/07/12 v3.0.0 (rcs-revision 1.5)
)
(/usr/local/texlive/2014/texmf-dist/tex/generic/pgf/frontendlayer/tikz/librarie
s/tikzlibrarymindmap.code.tex
File: tikzlibrarymindmap.code.tex 2013/07/16 v3.0.0 (rcs-revision 1.10)

(/usr/local/texlive/2014/texmf-dist/tex/generic/pgf/frontendlayer/tikz/librarie
s/tikzlibrarytrees.code.tex
File: tikzlibrarytrees.code.tex 2008/02/24 v3.0.0 (rcs-revision 1.2)
)
(/usr/local/texlive/2014/texmf-dist/tex/generic/pgf/frontendlayer/tikz/librarie
s/tikzlibrarydecorations.code.tex
(/usr/local/texlive/2014/texmf-dist/tex/generic/pgf/modules/pgfmoduledecoration
s.code.tex
\pgfdecoratedcompleteddistance=\dimen225
\pgfdecoratedremainingdistance=\dimen226
\pgfdecoratedinputsegmentcompleteddistance=\dimen227
\pgfdecoratedinputsegmentremainingdistance=\dimen228
\pgf@decorate@distancetomove=\dimen229
\pgf@decorate@repeatstate=\count208
\pgfdecorationsegmentamplitude=\dimen230
\pgfdecorationsegmentlength=\dimen231
)
\tikz@lib@dec@box=\box54
))
(/usr/local/texlive/2014/texmf-dist/tex/generic/pgf/frontendlayer/tikz/librarie
s/tikzlibraryautomata.code.tex
File: tikzlibraryautomata.code.tex 2008/07/14 v3.0.0 (rcs-revision 1.3)

(/usr/local/texlive/2014/texmf-dist/tex/generic/pgf/frontendlayer/tikz/librarie
s/tikzlibraryshapes.multipart.code.tex
File: tikzlibraryshapes.multipart.code.tex 2008/01/09 v3.0.0 (rcs-revision 1.1)


(/usr/local/texlive/2014/texmf-dist/tex/generic/pgf/libraries/shapes/pgflibrary
shapes.multipart.code.tex
File: pgflibraryshapes.multipart.code.tex 2010/01/07 v3.0.0 (rcs-revision 1.2)
\pgfnodepartlowerbox=\box55
\pgfnodeparttwobox=\box56
\pgfnodepartthreebox=\box57
\pgfnodepartfourbox=\box58
\pgfnodeparttwentybox=\box59
\pgfnodepartnineteenbox=\box60
\pgfnodeparteighteenbox=\box61
\pgfnodepartseventeenbox=\box62
\pgfnodepartsixteenbox=\box63
\pgfnodepartfifteenbox=\box64
\pgfnodepartfourteenbox=\box65
\pgfnodepartthirteenbox=\box66
\pgfnodeparttwelvebox=\box67
\pgfnodepartelevenbox=\box68
\pgfnodeparttenbox=\box69
\pgfnodepartninebox=\box70
\pgfnodeparteightbox=\box71
\pgfnodepartsevenbox=\box72
\pgfnodepartsixbox=\box73
\pgfnodepartfivebox=\box74
)))
LaTeX Font Info:    Try loading font information for T1+txtt on input line 55.

(/usr/local/texlive/2014/texmf-dist/tex/latex/txfonts/t1txtt.fd
File: t1txtt.fd 2000/12/15 v3.1
) (./thesis.aux)
\openout1 = `thesis.aux'.

LaTeX Font Info:    Checking defaults for OML/cmm/m/it on input line 142.
LaTeX Font Info:    ... okay on input line 142.
LaTeX Font Info:    Checking defaults for T1/cmr/m/n on input line 142.
LaTeX Font Info:    ... okay on input line 142.
LaTeX Font Info:    Checking defaults for OT1/cmr/m/n on input line 142.
LaTeX Font Info:    ... okay on input line 142.
LaTeX Font Info:    Checking defaults for OMS/cmsy/m/n on input line 142.
LaTeX Font Info:    ... okay on input line 142.
LaTeX Font Info:    Checking defaults for OMX/cmex/m/n on input line 142.
LaTeX Font Info:    ... okay on input line 142.
LaTeX Font Info:    Checking defaults for U/cmr/m/n on input line 142.
LaTeX Font Info:    ... okay on input line 142.
LaTeX Font Info:    Checking defaults for PD1/pdf/m/n on input line 142.
LaTeX Font Info:    ... okay on input line 142.
*geometry* driver: auto-detecting
*geometry* detected driver: pdftex
*geometry* verbose mode - [ preamble ] result:
* driver: pdftex
* paper: <default>
* layout: <same size as paper>
* layoutoffset:(h,v)=(0.0pt,0.0pt)
* modes: 
* h-part:(L,W,R)=(90.3375pt, 451.68752pt, 72.26999pt)
* v-part:(T,H,B)=(72.26999pt, 650.43001pt, 72.26999pt)
* \paperwidth=614.295pt
* \paperheight=794.96999pt
* \textwidth=451.68752pt
* \textheight=650.43001pt
* \oddsidemargin=18.0675pt
* \evensidemargin=18.0675pt
* \topmargin=-36.135pt
* \headheight=12.0pt
* \headsep=24.135pt
* \topskip=12.0pt
* \footskip=36.135pt
* \marginparwidth=54.2025pt
* \marginparsep=9.03374pt
* \columnsep=10.0pt
* \skip\footins=10.8pt plus 4.0pt minus 2.0pt
* \hoffset=0.0pt
* \voffset=0.0pt
* \mag=1000
* \@twocolumnfalse
* \@twosidefalse
* \@mparswitchfalse
* \@reversemarginfalse
* (1in=72.27pt=25.4mm, 1cm=28.453pt)

(/usr/local/texlive/2014/texmf-dist/tex/context/base/supp-pdf.mkii
[Loading MPS to PDF converter (version 2006.09.02).]
\scratchcounter=\count209
\scratchdimen=\dimen232
\scratchbox=\box75
\nofMPsegments=\count210
\nofMParguments=\count211
\everyMPshowfont=\toks52
\MPscratchCnt=\count212
\MPscratchDim=\dimen233
\MPnumerator=\count213
\makeMPintoPDFobject=\count214
\everyMPtoPDFconversion=\toks53
) (/usr/local/texlive/2014/texmf-dist/tex/latex/oberdiek/epstopdf-base.sty
Package: epstopdf-base 2010/02/09 v2.5 Base part for package epstopdf

(/usr/local/texlive/2014/texmf-dist/tex/latex/oberdiek/grfext.sty
Package: grfext 2010/08/19 v1.1 Manage graphics extensions (HO)
)
Package grfext Info: Graphics extension search list:
(grfext)             [.png,.pdf,.jpg,.mps,.jpeg,.jbig2,.jb2,.PNG,.PDF,.JPG,.JPE
G,.JBIG2,.JB2,.eps]
(grfext)             \AppendGraphicsExtensions on input line 452.

(/usr/local/texlive/2014/texmf-dist/tex/latex/latexconfig/epstopdf-sys.cfg
File: epstopdf-sys.cfg 2010/07/13 v1.3 Configuration of (r)epstopdf for TeX Liv
e
))
Package caption Info: Begin \AtBeginDocument code.
Package caption Info: hyperref package is loaded.
Package caption Info: listings package is loaded.
Package caption Info: longtable package is loaded.

(/usr/local/texlive/2014/texmf-dist/tex/latex/caption/ltcaption.sty
Package: ltcaption 2013/02/03 v1.3-62 longtable captions (AR)
)
Package caption Info: supertabular package is loaded.
Package caption Info: End \AtBeginDocument code.

ABD: EveryShipout initializing macros
\AtBeginShipoutBox=\box76
Package hyperref Info: Link coloring OFF on input line 142.

(/usr/local/texlive/2014/texmf-dist/tex/latex/hyperref/nameref.sty
Package: nameref 2012/10/27 v2.43 Cross-referencing by name of section

(/usr/local/texlive/2014/texmf-dist/tex/generic/oberdiek/gettitlestring.sty
Package: gettitlestring 2010/12/03 v1.4 Cleanup title references (HO)
)
\c@section@level=\count215
)
LaTeX Info: Redefining \ref on input line 142.
LaTeX Info: Redefining \pageref on input line 142.
LaTeX Info: Redefining \nameref on input line 142.

(./thesis.out) (./thesis.out)
\@outlinefile=\write6
\openout6 = `thesis.out'.

\c@lstlisting=\count216
LaTeX Font Info:    Try loading font information for OMS+cmr on input line 145.


(/usr/local/texlive/2014/texmf-dist/tex/latex/base/omscmr.fd
File: omscmr.fd 1999/05/25 v2.5h Standard LaTeX font definitions
)
LaTeX Font Info:    Font shape `OMS/cmr/m/n' in size <14.4> not available
(Font)              Font shape `OMS/cmsy/m/n' tried instead on input line 145.
 [1

\openout4 = `thesis.ist'.

{/usr/local/texlive/2014/texmf-var/fonts/map/pdftex/updmap/pdftex.map}] [2

] [3]

./thesis.tex:195: LaTeX Error: Can be used only in preamble.

See the LaTeX manual or LaTeX Companion for explanation.
Type  H <return>  for immediate help.
 ...                                              
                                                  
l.195 \makeglossaries
                     
Your command was ignored.
Type  I <command> <return>  to replace it with another command,
or  <return>  to continue without it.

[4

] (./thesis.toc [5

] [6] [7])
\tf@toc=\write7
\openout7 = `thesis.toc'.

 [8] (./thesis.lof [9


])
\tf@lof=\write8
\openout8 = `thesis.lof'.

 [10] (./thesis.lot)
\tf@lot=\write9
\openout9 = `thesis.lot'.


(./thesis.acr [11

] [12


]) [13]
Chapter 1.
[14


]
Underfull \hbox (badness 10000) in paragraph at lines 256--263

 []


Underfull \hbox (badness 10000) in paragraph at lines 264--275

 []


Underfull \hbox (badness 10000) in paragraph at lines 277--285

 []

[15] [16] [17] [18]
Chapter 2.
[19

] [20]
LaTeX Font Info:    Font shape `OMS/cmr/m/n' in size <12> not available
(Font)              Font shape `OMS/cmsy/m/n' tried instead on input line 519.
 [21] [22] <images/c_ontology.png, id=1008, 690.58pt x 487.8225pt>
File: images/c_ontology.png Graphic file (type png)

<use images/c_ontology.png>
Package pdftex.def Info: images/c_ontology.png used on input line 618.
(pdftex.def)             Requested size: 284.52756pt x 200.99106pt.
 [23 <./images/c_ontology.png>]
<images/cloud_sep_of_resp.jpg, id=1021, 642.4pt x 381.425pt>
File: images/cloud_sep_of_resp.jpg Graphic file (type jpg)

<use images/cloud_sep_of_resp.jpg>
Package pdftex.def Info: images/cloud_sep_of_resp.jpg used on input line 630.
(pdftex.def)             Requested size: 355.65944pt x 211.17538pt.
 [24 <./images/cloud_sep_of_resp.jpg>]
[25]
Underfull \hbox (badness 10000) in paragraph at lines 745--751

 []

[26] [27] [28] [29] [30]
Underfull \hbox (badness 10000) in paragraph at lines 1001--1001
[]\OT1/cmr/m/n/10.95 Key-based rout-ing, each
 []


Underfull \hbox (badness 3919) in paragraph at lines 1001--1001
\OT1/cmr/m/n/10.95 node con-tacts the clos-est
 []


Underfull \hbox (badness 1142) in paragraph at lines 1001--1001
\OT1/cmr/m/n/10.95 and so on un-til the node
 []


Underfull \hbox (badness 1721) in paragraph at lines 1001--1001
\OT1/cmr/m/n/10.95 re-spon-si-ble for the key is
 []


Underfull \hbox (badness 10000) in paragraph at lines 1001--1001
[]\OT1/cmr/m/n/10.95 Perform a random-walk
 []


Underfull \hbox (badness 1308) in paragraph at lines 1001--1001
\OT1/cmr/m/n/10.95 flood-ing tech-niques. May
 []


Underfull \hbox (badness 8056) in paragraph at lines 1001--1001
[]\OT1/cmr/m/n/10.95 Deterministic and has a
 []


Underfull \hbox (badness 1454) in paragraph at lines 1001--1001
\OT1/cmr/m/n/10.95 can be eas-ily lo-cated due
 []


Underfull \hbox (badness 1210) in paragraph at lines 1001--1001
\OT1/cmr/bx/n/10.95 Leave: \OT1/cmr/m/n/10.95 Node leaves, and
 []


Underfull \hbox (badness 10000) in paragraph at lines 1001--1001
[]\OT1/cmr/m/n/10.95 (SADQ) Single-Attribute
 []


Underfull \hbox (badness 10000) in paragraph at lines 1001--1001
[]\OT1/cmr/m/n/10.95 (MADQ) Multi-Attributes
 []

[31

] [32]
Overfull \hbox (12.53033pt too wide) in paragraph at lines 1044--1052
[]\OT1/cmr/m/n/12 An emer-gent type of vir-tu-al-iza-tion tech-nol-ogy, known a
s \OT1/cmr/m/it/12 light vir-tu-al-iza-tion \OT1/cmr/m/n/12 or operating-
 []

[33] <images/lxc_vm.jpg, id=1190, 271.15366pt x 199.58942pt>
File: images/lxc_vm.jpg Graphic file (type jpg)

<use images/lxc_vm.jpg>
Package pdftex.def Info: images/lxc_vm.jpg used on input line 1091.
(pdftex.def)             Requested size: 355.65944pt x 261.8173pt.
 [34 <./images/lxc_vm.jpg>] [35] [36]
Chapter 3.
<images/p2p_collab.jpg, id=1229, 655.44875pt x 578.16pt>
File: images/p2p_collab.jpg Graphic file (type jpg)

<use images/p2p_collab.jpg>
Package pdftex.def Info: images/p2p_collab.jpg used on input line 1211.
(pdftex.def)             Requested size: 355.65944pt x 313.71913pt.


LaTeX Warning: `h' float specifier changed to `ht'.

[37

] [38 <./images/p2p_collab.jpg>] [39]
<images/cathome_arch.jpg, id=1291, 891.33pt x 415.5525pt>
File: images/cathome_arch.jpg Graphic file (type jpg)

<use images/cathome_arch.jpg>
Package pdftex.def Info: images/cathome_arch.jpg used on input line 1305.
(pdftex.def)             Requested size: 213.39314pt x 142.26247pt.

<images/cathome_fr.jpg, id=1294, 373.395pt x 346.29375pt>
File: images/cathome_fr.jpg Graphic file (type jpg)

<use images/cathome_fr.jpg>
Package pdftex.def Info: images/cathome_fr.jpg used on input line 1311.
(pdftex.def)             Requested size: 142.26192pt x 142.26668pt.

Overfull \hbox (2.61107pt too wide) in paragraph at lines 1303--1315
[]$[]$ $[]$ 
 []

[40 <./images/cathome_arch.jpg> <./images/cathome_fr.jpg>]
<images/cathome_infra.jpg, id=1313, 483.8075pt x 295.1025pt>
File: images/cathome_infra.jpg Graphic file (type jpg)

<use images/cathome_infra.jpg>
Package pdftex.def Info: images/cathome_infra.jpg used on input line 1370.
(pdftex.def)             Requested size: 256.0748pt x 156.20093pt.


LaTeX Warning: `h' float specifier changed to `ht'.

[41] [42 <./images/cathome_infra.jpg>] [43] [44]
<images/p2pcs_arch.jpg, id=1358, 612.2875pt x 412.54124pt>
File: images/p2pcs_arch.jpg Graphic file (type jpg)

<use images/p2pcs_arch.jpg>
Package pdftex.def Info: images/p2pcs_arch.jpg used on input line 1522.
(pdftex.def)             Requested size: 355.65944pt x 239.63289pt.
 [45 <./images/p2pcs_arch.jpg>] [46] [47] [48]
[49] [50]
Underfull \hbox (badness 10000) in paragraph at lines 1773--1776

 []


Overfull \hbox (1.63347pt too wide) in paragraph at lines 1778--1807
[][] 
 []

[51] [52]
Chapter 4.
<images/overview_arch.png, id=1434, 753.81625pt x 573.14125pt>
File: images/overview_arch.png Graphic file (type png)

<use images/overview_arch.png>
Package pdftex.def Info: images/overview_arch.png used on input line 1832.
(pdftex.def)             Requested size: 355.65944pt x 270.40839pt.

Overfull \hbox (0.4092pt too wide) in paragraph at lines 1826--1843
\OT1/cmr/m/n/12 We used a multi-tiered ap-proach for the ar-chi-tec-ture, sim-i
-lar to Cloud@Home and [][]P2PCS[],
 []


LaTeX Warning: `h' float specifier changed to `ht'.

[53

] <images/arch_net_ring_fellow.png, id=1441, 600.2425pt x 311.1625pt>
File: images/arch_net_ring_fellow.png Graphic file (type png)

<use images/arch_net_ring_fellow.png>
Package pdftex.def Info: images/arch_net_ring_fellow.png used on input line 186
9.
(pdftex.def)             Requested size: 355.65944pt x 184.37718pt.
 [54 <./images/overview_arch.png>]
[55 <./images/arch_net_ring_fellow.png>]
<images/arch_ring.png, id=1453, 347.2975pt x 238.8925pt>
File: images/arch_ring.png Graphic file (type png)

<use images/arch_ring.png>
Package pdftex.def Info: images/arch_ring.png used on input line 1921.
(pdftex.def)             Requested size: 355.65944pt x 244.65497pt.
 [56 <./images/arch_ring.png>] [57]
<images/arch_fellowship.png, id=1484, 338.26375pt x 158.5925pt>
File: images/arch_fellowship.png Graphic file (type png)

<use images/arch_fellowship.png>
Package pdftex.def Info: images/arch_fellowship.png used on input line 2007.
(pdftex.def)             Requested size: 355.65944pt x 166.75449pt.
 [58 <./images/arch_fellowship.png>] [59]
[60]
Underfull \hbox (badness 10000) in paragraph at lines 2147--2150

 []

[61] [62] <images/api_overview.png, id=1547, 527.9725pt x 193.72375pt>
File: images/api_overview.png Graphic file (type png)

<use images/api_overview.png>
Package pdftex.def Info: images/api_overview.png used on input line 2221.
(pdftex.def)             Requested size: 355.65944pt x 130.49776pt.
 [63 <./images/api_overview.png>] [64]
Overfull \hbox (5.892pt too wide) in paragraph at lines 2283--2302
\OT1/cmr/m/n/12 databases, non-relational databases and even stor-age type so-l
u-tions. Dis-tributed databases
 []

[65] [66]

./thesis.tex:2386: LaTeX Error: There's no line here to end.

See the LaTeX manual or LaTeX Companion for explanation.
Type  H <return>  for immediate help.
 ...                                              
                                                  
l.2386      \\ T
                ask queues are used to manage the work that happens outside ...

Your command was ignored.
Type  I <command> <return>  to replace it with another command,
or  <return>  to continue without it.

[67]

./thesis.tex:2416: LaTeX Error: There's no line here to end.

See the LaTeX manual or LaTeX Companion for explanation.
Type  H <return>  for immediate help.
 ...                                              
                                                  
l.2416      \\ T
                he other aspect of this component is scalability, we rationa...

Your command was ignored.
Type  I <command> <return>  to replace it with another command,
or  <return>  to continue without it.

<./images/self_optimization-PID.png, id=1628, 256.3176pt x 51.0708pt>
File: ./images/self_optimization-PID.png Graphic file (type png)

<use ./images/self_optimization-PID.png>
Package pdftex.def Info: ./images/self_optimization-PID.png used on input line 
2440.
(pdftex.def)             Requested size: 284.52756pt x 56.69235pt.


./thesis.tex:2453: LaTeX Error: There's no line here to end.

See the LaTeX manual or LaTeX Companion for explanation.
Type  H <return>  for immediate help.
 ...                                              
                                                  
l.2453      \\ \begin
                     {center}
Your command was ignored.
Type  I <command> <return>  to replace it with another command,
or  <return>  to continue without it.

[68 <./images/self_optimization-PID.png>]

./thesis.tex:2456: LaTeX Error: There's no line here to end.

See the LaTeX manual or LaTeX Companion for explanation.
Type  H <return>  for immediate help.
 ...                                              
                                                  
l.2456 
       
Your command was ignored.
Type  I <command> <return>  to replace it with another command,
or  <return>  to continue without it.


./thesis.tex:2470: LaTeX Error: There's no line here to end.

See the LaTeX manual or LaTeX Companion for explanation.
Type  H <return>  for immediate help.
 ...                                              
                                                  
l.2470      \\ U
                ltimately, using task queues as an integral part of this arc...

Your command was ignored.
Type  I <command> <return>  to replace it with another command,
or  <return>  to continue without it.


./thesis.tex:2488: LaTeX Error: There's no line here to end.

See the LaTeX manual or LaTeX Companion for explanation.
Type  H <return>  for immediate help.
 ...                                              
                                                  
l.2488      \\ T
                he first concern is to provide means for secure communicatio...

Your command was ignored.
Type  I <command> <return>  to replace it with another command,
or  <return>  to continue without it.

[69]

./thesis.tex:2505: LaTeX Error: There's no line here to end.

See the LaTeX manual or LaTeX Companion for explanation.
Type  H <return>  for immediate help.
 ...                                              
                                                  
l.2505      \\ A
                ccess control is another important security concern, control...

Your command was ignored.
Type  I <command> <return>  to replace it with another command,
or  <return>  to continue without it.


LaTeX Warning: Citation `gollman2010computer' on page 70 undefined on input lin
e 2517.

[70]

./thesis.tex:2543: LaTeX Error: There's no line here to end.

See the LaTeX manual or LaTeX Companion for explanation.
Type  H <return>  for immediate help.
 ...                                              
                                                  
l.2543      \\ T
                his leads to the final portion of the security component, \e...

Your command was ignored.
Type  I <command> <return>  to replace it with another command,
or  <return>  to continue without it.


./thesis.tex:2553: LaTeX Error: There's no line here to end.

See the LaTeX manual or LaTeX Companion for explanation.
Type  H <return>  for immediate help.
 ...                                              
                                                  
l.2553      F
             inally, we provide secure inter-node communication via SSL, whe...

Your command was ignored.
Type  I <command> <return>  to replace it with another command,
or  <return>  to continue without it.


./thesis.tex:2568: LaTeX Error: There's no line here to end.

See the LaTeX manual or LaTeX Companion for explanation.
Type  H <return>  for immediate help.
 ...                                              
                                                  
l.2568      \\ T
                he distribution of the source-code of the application is a s...

Your command was ignored.
Type  I <command> <return>  to replace it with another command,
or  <return>  to continue without it.

[71]

./thesis.tex:2609: LaTeX Error: There's no line here to end.

See the LaTeX manual or LaTeX Companion for explanation.
Type  H <return>  for immediate help.
 ...                                              
                                                  
l.2609      \\ T
                he \gls{csp} investigated offers application configuration s...

Your command was ignored.
Type  I <command> <return>  to replace it with another command,
or  <return>  to continue without it.


./thesis.tex:2620: LaTeX Error: There's no line here to end.

See the LaTeX manual or LaTeX Companion for explanation.
Type  H <return>  for immediate help.
 ...                                              
                                                  
l.2620      \\ \emph
                    {Monitoring} is an important feedback mechanism for the ...

Your command was ignored.
Type  I <command> <return>  to replace it with another command,
or  <return>  to continue without it.

[72]

./thesis.tex:2630: LaTeX Error: There's no line here to end.

See the LaTeX manual or LaTeX Companion for explanation.
Type  H <return>  for immediate help.
 ...                                              
                                                  
l.2630      \\ I
                n summary, we provide a flexible workflow for code distribut...

Your command was ignored.
Type  I <command> <return>  to replace it with another command,
or  <return>  to continue without it.

[73] [74]
Overfull \hbox (2.0353pt too wide) in paragraph at lines 2727--2727
[]\OT1/cmr/bx/n/14.4 Collaborative Peer-to-Peer Sys-tem Frame-work Im-ple-men-
 []


./thesis.tex:2739: LaTeX Error: There's no line here to end.

See the LaTeX manual or LaTeX Companion for explanation.
Type  H <return>  for immediate help.
 ...                                              
                                                  
l.2739      \\ T
                he first two phases, \textbf{Advertise} and \textbf{Discover...

Your command was ignored.
Type  I <command> <return>  to replace it with another command,
or  <return>  to continue without it.

[75]
\pgf@layerbox@umlsd@background=\box77
\pgf@layerboxsaved@umlsd@background=\box78
\pgf@layerbox@umlsd@threadlayer=\box79
\pgf@layerboxsaved@umlsd@threadlayer=\box80


./thesis.tex:2812: LaTeX Error: There's no line here to end.

See the LaTeX manual or LaTeX Companion for explanation.
Type  H <return>  for immediate help.
 ...                                              
                                                  
l.2812      \\ T
                he \textbf{Select} phase relates to the selection mechanism ...

Your command was ignored.
Type  I <command> <return>  to replace it with another command,
or  <return>  to continue without it.

[76]

./thesis.tex:2858: LaTeX Error: There's no line here to end.

See the LaTeX manual or LaTeX Companion for explanation.
Type  H <return>  for immediate help.
 ...                                              
                                                  
l.2858      \\ T
                he next phase is \textbf{Match}, it encompasses the ability ...

Your command was ignored.
Type  I <command> <return>  to replace it with another command,
or  <return>  to continue without it.

[77]

./thesis.tex:2867: LaTeX Error: There's no line here to end.

See the LaTeX manual or LaTeX Companion for explanation.
Type  H <return>  for immediate help.
 ...                                              
                                                  
l.2867      \\ T
                he \textbf{Bind} phase, is also best-effort, because of the ...

Your command was ignored.
Type  I <command> <return>  to replace it with another command,
or  <return>  to continue without it.


./thesis.tex:2873: LaTeX Error: There's no line here to end.

See the LaTeX manual or LaTeX Companion for explanation.
Type  H <return>  for immediate help.
 ...                                              
                                                  
l.2873      \\ T
                he \textbf{Use} phase states that it should be possible to u...

Your command was ignored.
Type  I <command> <return>  to replace it with another command,
or  <return>  to continue without it.


./thesis.tex:2879: LaTeX Error: There's no line here to end.

See the LaTeX manual or LaTeX Companion for explanation.
Type  H <return>  for immediate help.
 ...                                              
                                                  
l.2879      \\ T
                he \textbf{Release} phase is concerned with providing the ca...

Your command was ignored.
Type  I <command> <return>  to replace it with another command,
or  <return>  to continue without it.


./thesis.tex:2887: LaTeX Error: There's no line here to end.

See the LaTeX manual or LaTeX Companion for explanation.
Type  H <return>  for immediate help.
 ...                                              
                                                  
l.2887      \\ F
                uture work includes providing more extensive functionalities...

Your command was ignored.
Type  I <command> <return>  to replace it with another command,
or  <return>  to continue without it.


Underfull \hbox (badness 10000) in paragraph at lines 2892--2894

 []

[78]

./thesis.tex:2943: LaTeX Error: There's no line here to end.

See the LaTeX manual or LaTeX Companion for explanation.
Type  H <return>  for immediate help.
 ...                                              
                                                  
l.2943      \\ W
                e can make the following observations concerning the \emph{N...

Your command was ignored.
Type  I <command> <return>  to replace it with another command,
or  <return>  to continue without it.

[79]

./thesis.tex:2957: LaTeX Error: There's no line here to end.

See the LaTeX manual or LaTeX Companion for explanation.
Type  H <return>  for immediate help.
 ...                                              
                                                  
l.2957      \\ T
                he \emph{Virtualization layer} uses lightweight virtualizati...

Your command was ignored.
Type  I <command> <return>  to replace it with another command,
or  <return>  to continue without it.


LaTeX Warning: Citation `docker_security' on page 80 undefined on input line 29
70.


./thesis.tex:2973: LaTeX Error: There's no line here to end.

See the LaTeX manual or LaTeX Companion for explanation.
Type  H <return>  for immediate help.
 ...                                              
                                                  
l.2973      \\ T
                he \emph{Application layer} provides a minimal \gls{api} spe...

Your command was ignored.
Type  I <command> <return>  to replace it with another command,
or  <return>  to continue without it.

[80]
Chapter 5.

Underfull \hbox (badness 10000) in paragraph at lines 2995--2998

 []

[81

] <images/twisted_multi.jpg, id=1775, 706.64pt x 674.52pt>
File: images/twisted_multi.jpg Graphic file (type jpg)

<use images/twisted_multi.jpg>
Package pdftex.def Info: images/twisted_multi.jpg used on input line 3030.
(pdftex.def)             Requested size: 284.52756pt x 271.59409pt.

Underfull \hbox (badness 10000) in paragraph at lines 3034--3051

 []

[82 <./images/twisted_multi.jpg>] [83] [84]
(/usr/local/texlive/2014/texmf-dist/tex/latex/listings/lstlang1.sty
File: lstlang1.sty 2014/03/04 1.5c listings language file
) [85

]
[86] [87]
Missing character: There is no c in font nullfont!
Missing character: There is no o in font nullfont!
Missing character: There is no n in font nullfont!
Missing character: There is no n in font nullfont!
Missing character: There is no o in font nullfont!
Missing character: There is no d in font nullfont!
Missing character: There is no e in font nullfont!
Missing character: There is no R in font nullfont!
Missing character: There is no e in font nullfont!
Missing character: There is no q in font nullfont!
Missing character: There is no u in font nullfont!
Missing character: There is no e in font nullfont!
Missing character: There is no s in font nullfont!
Missing character: There is no t in font nullfont!
Missing character: There is no T in font nullfont!
Missing character: There is no a in font nullfont!
Missing character: There is no s in font nullfont!
Missing character: There is no k in font nullfont!
Missing character: There is no a in font nullfont!
Missing character: There is no p in font nullfont!
Missing character: There is no p in font nullfont!
Missing character: There is no d in font nullfont!

./thesis.tex:3322: Argument of \\mess has an extra }.
<inserted text> 
                \par 
l.3322        \end{sdblock}
                           
I've run across a `}' that doesn't seem to match anything.
For example, `\def\a#1{...}' and `\a}' would produce
this error. If you simply proceed now, the `\par' that
I've just inserted will cause me to report a runaway
argument that might be the root of the problem. But if
your `}' was spurious, just type `2' and it will go away.

Runaway argument?
./thesis.tex:3322: Paragraph ended before \\mess was complete.
<to be read again> 
                   \par 
l.3322        \end{sdblock}
                           
I suspect you've forgotten a `}', causing me to apply this
control sequence to too much text. How can we recover?
My plan is to forget the whole thing and hope for the best.


LaTeX Warning: `h' float specifier changed to `ht'.

[88] <images/web_protocol.png, id=1843, 609.27625pt x 284.06125pt>
File: images/web_protocol.png Graphic file (type png)

<use images/web_protocol.png>
Package pdftex.def Info: images/web_protocol.png used on input line 3346.
(pdftex.def)             Requested size: 355.65944pt x 165.82188pt.


LaTeX Warning: `h' float specifier changed to `ht'.

[89] [90 <./images/web_protocol.png>]
<images/calc_home.png, id=1855, 808.01875pt x 228.855pt>
File: images/calc_home.png Graphic file (type png)

<use images/calc_home.png>
Package pdftex.def Info: images/calc_home.png used on input line 3415.
(pdftex.def)             Requested size: 355.65944pt x 100.73491pt.

<images/calc_app_dep.png, id=1856, 602.25pt x 341.275pt>
File: images/calc_app_dep.png Graphic file (type png)

<use images/calc_app_dep.png>
Package pdftex.def Info: images/calc_app_dep.png used on input line 3430.
(pdftex.def)             Requested size: 355.65944pt x 201.54837pt.


LaTeX Warning: `!h' float specifier changed to `!ht'.

[91 <./images/calc_home.png>]
<images/calc_node.png, id=1863, 356.33125pt x 280.04625pt>
File: images/calc_node.png Graphic file (type png)

<use images/calc_node.png>
Package pdftex.def Info: images/calc_node.png used on input line 3456.
(pdftex.def)             Requested size: 355.65944pt x 279.52849pt.


LaTeX Warning: `!h' float specifier changed to `!ht'.

[92 <./images/calc_app_dep.png>]
<images/calculator.png, id=1868, 780.9175pt x 586.19pt>
File: images/calculator.png Graphic file (type png)

<use images/calculator.png>
Package pdftex.def Info: images/calculator.png used on input line 3485.
(pdftex.def)             Requested size: 426.79134pt x 320.36613pt.


LaTeX Warning: `!h' float specifier changed to `!ht'.

[93 <./images/calc_node.png>] [94 <./images/calculator.png>]
Chapter 6.
[95

]
Underfull \hbox (badness 10000) in paragraph at lines 3523--3526

 []

[96]
Package hyperref Info: bookmark level for unknown algorithm defaults to 0 on in
put line 3584.


./thesis.tex:3596: Package algorithmicx Error: Some blocks are not closed!!!.

See the algorithmicx package documentation for explanation.
Type  H <return>  for immediate help.
 ...                                              
                                                  
l.3596      \end{algorithmic}
                             
This error message was generated by an \errmessage
command, so I can't give any explicit help.
Pretend that you're Hercule Poirot: Examine all clues,
and deduce the truth by order and method.

./thesis.tex:3615: Missing \endcsname inserted.
<to be read again> 
                   \ALG@currentblock@0 
l.3615      \Procedure
                      {ATS-GA}{}
The control sequence marked <to be read again> should
not appear between \csname and \endcsname.

./thesis.tex:3615: Extra \endcsname.
\ALG@makebeginrepeat ...\ALG@thisblock \endcsname 
                                                  \relax \def \ALG@thisblock...
l.3615      \Procedure
                      {ATS-GA}{}
I'm ignoring this, since I wasn't doing a \csname.


./thesis.tex:3629: Package algorithmicx Error: Some blocks are not closed!!!.

See the algorithmicx package documentation for explanation.
Type  H <return>  for immediate help.
 ...                                              
                                                  
l.3629      \end{algorithmic}
                             
(That was another \errmessage.)

[97]
./thesis.tex:3655: Missing \endcsname inserted.
<to be read again> 
                   \ALG@currentblock@0 
l.3655      \Procedure
                      {MDTS-GA}{}
The control sequence marked <to be read again> should
not appear between \csname and \endcsname.

./thesis.tex:3655: Extra \endcsname.
\ALG@makebeginrepeat ...\ALG@thisblock \endcsname 
                                                  \relax \def \ALG@thisblock...
l.3655      \Procedure
                      {MDTS-GA}{}
I'm ignoring this, since I wasn't doing a \csname.


./thesis.tex:3674: Package algorithmicx Error: Some blocks are not closed!!!.

See the algorithmicx package documentation for explanation.
Type  H <return>  for immediate help.
 ...                                              
                                                  
l.3674      \end{algorithmic}
                             
(That was another \errmessage.)


Underfull \hbox (badness 10000) in paragraph at lines 3686--3691

 []

[98] [99] [100] <images/ef1.png, id=1931, 728.7225pt x 399.4925pt>
File: images/ef1.png Graphic file (type png)

<use images/ef1.png>
Package pdftex.def Info: images/ef1.png used on input line 3783.
(pdftex.def)             Requested size: 355.65944pt x 194.97278pt.
 <images/ef2.png, id=1933, 712.6625pt x 516.93124pt>
File: images/ef2.png Graphic file (type png)

<use images/ef2.png>
Package pdftex.def Info: images/ef2.png used on input line 3794.
(pdftex.def)             Requested size: 355.65944pt x 257.97594pt.


LaTeX Warning: `!h' float specifier changed to `!ht'.

[101 <./images/ef1.png>] <images/ef3.png, id=1939, 766.865pt x 403.5075pt>
File: images/ef3.png Graphic file (type png)

<use images/ef3.png>
Package pdftex.def Info: images/ef3.png used on input line 3806.
(pdftex.def)             Requested size: 355.65944pt x 187.14264pt.
 [102 <./images/ef2.png> <./images/ef3.png>]
<images/mdts_overview.png, id=1945, 893.3375pt x 532.99126pt>
File: images/mdts_overview.png Graphic file (type png)

<use images/mdts_overview.png>
Package pdftex.def Info: images/mdts_overview.png used on input line 3826.
(pdftex.def)             Requested size: 426.79134pt x 254.63737pt.

<images/mdts_app_dep.png, id=1946, 500.87125pt x 421.575pt>
File: images/mdts_app_dep.png Graphic file (type png)

<use images/mdts_app_dep.png>
Package pdftex.def Info: images/mdts_app_dep.png used on input line 3841.
(pdftex.def)             Requested size: 355.65944pt x 299.36536pt.


LaTeX Warning: `!h' float specifier changed to `!ht'.

[103 <./images/mdts_overview.png>]
<images/mdts_home.png, id=1953, 889.3225pt x 564.1075pt>
File: images/mdts_home.png Graphic file (type png)

<use images/mdts_home.png>
Package pdftex.def Info: images/mdts_home.png used on input line 3868.
(pdftex.def)             Requested size: 355.65944pt x 225.59596pt.


LaTeX Warning: `!h' float specifier changed to `!ht'.

[104 <./images/mdts_app_dep.png>]
<images/mdts_data.png, id=1960, 384.43625pt x 409.53pt>
File: images/mdts_data.png Graphic file (type png)

<use images/mdts_data.png>
Package pdftex.def Info: images/mdts_data.png used on input line 3889.
(pdftex.def)             Requested size: 355.65944pt x 378.90305pt.


LaTeX Warning: `!h' float specifier changed to `!ht'.

<images/mdts_files_db_schema.png, id=1963, 473.77pt x 238.8925pt>
File: images/mdts_files_db_schema.png Graphic file (type png)

<use images/mdts_files_db_schema.png>
Package pdftex.def Info: images/mdts_files_db_schema.png used on input line 391
0.
(pdftex.def)             Requested size: 213.39566pt x 107.60269pt.


LaTeX Warning: `!h' float specifier changed to `!ht'.

<images/mdts_results_db_schema.png, id=1964, 320.19624pt x 238.8925pt>
File: images/mdts_results_db_schema.png Graphic file (type png)

<use images/mdts_results_db_schema.png>
Package pdftex.def Info: images/mdts_results_db_schema.png used on input line 3
916.
(pdftex.def)             Requested size: 213.39566pt x 159.21144pt.


LaTeX Warning: `!h' float specifier changed to `!ht'.

[105 <./images/mdts_home.png>] [106 <./images/mdts_data.png> <./images/mdts_fil
es_db_schema.png>] [107 <./images/mdts_results_db_schema.png>]
<images/mdts_worker.png, id=1980, 384.43625pt x 282.05376pt>
File: images/mdts_worker.png Graphic file (type png)

<use images/mdts_worker.png>
Package pdftex.def Info: images/mdts_worker.png used on input line 3976.
(pdftex.def)             Requested size: 355.65944pt x 260.96017pt.

Overfull \hbox (13.17581pt too wide) in paragraph at lines 4001--4004
[]\OT1/cmr/m/n/12 The sec-ond func-tion, \OT1/cmr/m/it/12 re-trieve-Dat-a-Post-
Pro-cess-ing\OT1/cmr/m/n/12 , re-trieves the re-sults from the database,
 []

[108 <./images/mdts_worker.png>]
<images/mdts_heap_mem_profile.png, id=1992, 508.90125pt x 433.62pt>
File: images/mdts_heap_mem_profile.png Graphic file (type png)

<use images/mdts_heap_mem_profile.png>
Package pdftex.def Info: images/mdts_heap_mem_profile.png used on input line 40
39.
(pdftex.def)             Requested size: 508.90001pt x 433.61894pt.

Overfull \hbox (57.2125pt too wide) in paragraph at lines 4039--4040
 [][] 
 []


LaTeX Warning: `!h' float specifier changed to `!ht'.


LaTeX Warning: `!h' float specifier changed to `!ht'.


Package caption Warning: \label without proper \caption on input line 4043.
See the caption package documentation for explanation.


LaTeX Warning: Reference `tbl_profile_mem' on page 109 undefined on input line 
4064.


Package caption Warning: \label without proper \caption on input line 4078.
See the caption package documentation for explanation.


LaTeX Warning: Reference `mem_b4' on page 109 undefined on input line 4076.


Package caption Warning: \label without proper \caption on input line 4091.
See the caption package documentation for explanation.


LaTeX Warning: Reference `mem_after' on page 109 undefined on input line 4076.

[109]

LaTeX Warning: `!h' float specifier changed to `!ht'.


LaTeX Warning: `!h' float specifier changed to `!ht'.


Overfull \hbox (17.67305pt too wide) in paragraph at lines 4104--4111
[]\OT1/cmr/m/n/12 We can now com-pute the delta be-tween the mem-ory used be-fo
re and af-ter, or $489096\OML/cmm/m/it/12 KB \OMS/cmsy/m/n/12 ^^@
 []

[110 <./images/mdts_heap_mem_profile.png>] [111] [112]
Chapter 7.
[113

] [114]
Underfull \hbox (badness 10000) in paragraph at lines 4243--4245

 []


./thesis.tex:4247: LaTeX Error: There's no line here to end.

See the LaTeX manual or LaTeX Companion for explanation.
Type  H <return>  for immediate help.
 ...                                              
                                                  
l.4247      \\ \textbf
                      {Peer-to-Peer Networking Primitives and Collaborative ...

Your command was ignored.
Type  I <command> <return>  to replace it with another command,
or  <return>  to continue without it.

[115]

./thesis.tex:4290: LaTeX Error: There's no line here to end.

See the LaTeX manual or LaTeX Companion for explanation.
Type  H <return>  for immediate help.
 ...                                              
                                                  
l.4290      \\ \textbf
                      {Collaborative web hosting} \\
Your command was ignored.
Type  I <command> <return>  to replace it with another command,
or  <return>  to continue without it.

[116]

./thesis.tex:4338: LaTeX Error: There's no line here to end.

See the LaTeX manual or LaTeX Companion for explanation.
Type  H <return>  for immediate help.
 ...                                              
                                                  
l.4338      \\ \textbf
                      {Ethical use of Computational Resources} \\ The last p...

Your command was ignored.
Type  I <command> <return>  to replace it with another command,
or  <return>  to continue without it.

[117] [118]
Chapter 8.
[119

] [120] [121]
Underfull \hbox (badness 10000) in paragraph at lines 4516--4522

 []

[122] [123]
Appendix A.
./thesis.tex:4636: Extra alignment tab has been changed to \cr.
<template> \endtemplate 
                        
l.4636   \end{longtabu}
                       }
You have given more \span or & marks than there were
in the preamble to the \halign or \valign now in progress.
So I'll assume that you meant to type \cr instead.

./thesis.tex:4636: Extra alignment tab has been changed to \cr.
<template> \endtemplate 
                        
l.4636   \end{longtabu}
                       }
You have given more \span or & marks than there were
in the preamble to the \halign or \valign now in progress.
So I'll assume that you meant to type \cr instead.

./thesis.tex:4636: Extra alignment tab has been changed to \cr.
<template> \endtemplate 
                        
l.4636   \end{longtabu}
                       }
You have given more \span or & marks than there were
in the preamble to the \halign or \valign now in progress.
So I'll assume that you meant to type \cr instead.


Underfull \hbox (badness 1975) in paragraph at lines 4636--4636
[]\OT1/cmr/bx/n/10.95 Returns \OT1/cmr/m/n/10.95 a de-ferred when this func-tio
n
 []


Underfull \hbox (badness 1975) in paragraph at lines 4636--4636
[]\OT1/cmr/bx/n/10.95 Returns \OT1/cmr/m/n/10.95 a de-ferred when this func-tio
n
 []


Underfull \hbox (badness 1454) in paragraph at lines 4636--4636
\OT1/cmr/m/n/10.95 fi-cient of the P com-po-nent of the PID
 []


Underfull \hbox (badness 1997) in paragraph at lines 4636--4636
\OT1/cmr/m/n/10.95 fi-cient of the I com-po-nent of the PID
 []


Underfull \hbox (badness 1331) in paragraph at lines 4636--4636
\OT1/cmr/m/n/10.95 fi-cient of the D com-po-nent of the PID
 []

[124


] [125] [126]
Appendix B.
Package hyperref Info: bookmark level for unknown lstlisting defaults to 0 on i
nput line 4648.
(./code_samples/web_calc.py
LaTeX Font Info:    Font shape `OMS/cmr/m/n' in size <10.95> not available
(Font)              Font shape `OMS/cmsy/m/n' tried instead on input line 9.
 [127

]) (./code_samples/wP_calc.py [128]
LaTeX Font Info:    Try loading font information for OML+cmr on input line 38.

(/usr/local/texlive/2014/texmf-dist/tex/latex/base/omlcmr.fd
File: omlcmr.fd 1999/05/25 v2.5h Standard LaTeX font definitions
)
LaTeX Font Info:    Font shape `OML/cmr/m/n' in size <10.95> not available
(Font)              Font shape `OML/cmm/m/it' tried instead on input line 38.

Overfull \hbox (40.31749pt too wide) in paragraph at lines 38--40
[][][][][][][][][][][][][][][][][][][][][][][][][][][][][][][][][][][][][][][][
][][][][][][][][][][][][][] 
 []

[129]
Overfull \hbox (28.31737pt too wide) in paragraph at lines 59--60
[][][][][][][][][][][][][][][][][][][][][][][][][][][][][][][][][][][][] 
 []


Overfull \hbox (22.3173pt too wide) in paragraph at lines 61--62
[][][][][][][][][][][][][][][][][][][][][][][][][][][][][][][][][][][] 
 []


Overfull \hbox (22.3173pt too wide) in paragraph at lines 63--64
[][][][][][][][][][][][][][][][][][][][][][][][][][][][][][][][][][][] 
 []


Overfull \hbox (22.3173pt too wide) in paragraph at lines 65--67
[][][][][][][][][][][][][][][][][][][][][][][][][][][][][][][][][][][] 
 []

) (./code_samples/mtds_web.py [130] [131]
Overfull \hbox (64.31773pt too wide) in paragraph at lines 43--44
[][][][][][][][][][][][][][][][][][][][][][][][][][][][][][][][][][][][][][][][
][][][][][][][][][][][][][][][][] 
 []

[132]) (./code_samples/wP_mtds.py [133]
Overfull \hbox (40.31749pt too wide) in paragraph at lines 39--41
[][][][][][][][][][][][][][][][][][][][][][][][][][][][][][][][][][][][][][][][
][][][][][][][][][][][][][] 
 []

[134] [135]
Overfull \hbox (22.3173pt too wide) in paragraph at lines 94--96
[][][][][][][][][][][][][][][][][][][][][][][][][] 
 []

) [136] (./thesis.bbl [137


]
Missing character: There is no  in font cmr12!
Missing character: There is no  in font cmr12!
Missing character: There is no  in font cmr12!
Missing character: There is no  in font cmr12!
Missing character: There is no  in font cmr12!
Missing character: There is no  in font cmr12!
 [138]
Underfull \hbox (badness 10000) in paragraph at lines 157--163
[]\OT1/cmr/m/n/12 Citrix.  Most amer-i-can con-fused by cloud com-put-
 []


Underfull \hbox (badness 10000) in paragraph at lines 157--163
\OT1/cmr/m/n/12 ing ac-cord-ing to na-tional sur-vey, 2012.  Taken from
 []


Underfull \hbox (badness 10000) in paragraph at lines 157--163
\OT1/cmr/m/n/12 https://www.citrix.com/news/announcements/aug-2012/most-america
ns-
 []


Underfull \hbox (badness 10000) in paragraph at lines 157--163
\OT1/cmr/m/n/12 confused-by-cloud-computing-according-to-national.html, Con-sul
ted:
 []

[139]
Missing character: There is no  in font cmr12!
Missing character: There is no  in font cmr12!
Missing character: There is no  in font cmr12!

Underfull \hbox (badness 3492) in paragraph at lines 171--176
\OT1/cmr/m/n/12 root cause?, 2014.  Taken from https://www.oneilsoft.com/news-
 []


Underfull \hbox (badness 10000) in paragraph at lines 171--176
\OT1/cmr/m/n/12 portal/blogs/780-cloud-computing-confusion-the-root-cause, Con-
sulted:
 []


Underfull \hbox (badness 10000) in paragraph at lines 214--220
\OT1/cmtt/m/n/12 w / wiki / 6950 . lxc-[]containers-[]in-[]ubuntu-[]server-[]14
-[]04-[]lts$[]\OT1/cmr/m/n/12 , June
 []

[140]
Missing character: There is no  in font cmr12!
Missing character: There is no  in font cmr12!
Missing character: There is no  in font cmr12!
 [141]
Underfull \hbox (badness 10000) in paragraph at lines 348--354
[]\OT1/cmr/m/n/12 Forbes Joe MecK-endrick.  What cloud com-put-ing cus-
 []


Underfull \hbox (badness 3826) in paragraph at lines 348--354
\OT1/cmr/m/n/12 tomers want: Clar-ity, sim-plic-ity, sup-port, 2014.  Taken fro
m
 []


Underfull \hbox (badness 10000) in paragraph at lines 348--354
\OT1/cmr/m/n/12 http://www.forbes.com/sites/joemckendrick/2014/07/19/what-cloud
-
 []

[142]
Underfull \hbox (badness 10000) in paragraph at lines 402--407
[]\OT1/cmr/m/n/12 Brian Lewis.  Sep-a-ra-tion of re-spon-si-bil-i-ties., 2011. 
 Taken
 []


Underfull \hbox (badness 10000) in paragraph at lines 402--407
\OT1/cmr/m/n/12 from http://mythoughtsonit.com/2011/04/infrastructure-as-a-
 []


Underfull \hbox (badness 10000) in paragraph at lines 402--407
\OT1/cmr/m/n/12 service-platform-as-a-service-software-as-a-servicetake-a-look-
at-the-
 []


Underfull \hbox (badness 2486) in paragraph at lines 419--423
[]\OT1/cmr/m/n/12 Canonical Ltd. and open source.  Linux con-tain-ers.  []$\OT1
/cmtt/m/n/12 https : / /
 []

[143]
Underfull \hbox (badness 10000) in paragraph at lines 466--472
\OT1/cmtt/m/n/12 python / kademlia / dht / 2014 / 02 / 14 / kademlia : -[]a-[]d
ht-[]in-[]python .
 []

[144] [145]
Missing character: There is no  in font cmr12!
Missing character: There is no  in font cmr12!
Missing character: There is no  in font cmr12!
Missing character: There is no  in font cmr12!
Missing character: There is no  in font cmr12!
Missing character: There is no  in font cmr12!

Underfull \hbox (badness 10000) in paragraph at lines 613--619
\OT1/cmr/m/n/12 http://www.cloudcomputing-news.net/news/2015/jun/01/confusion-
 []


Underfull \hbox (badness 10000) in paragraph at lines 613--619
\OT1/cmr/m/n/12 around-hybrid-cloud-isnt-everyone-everyone-can-use-bit-cloud/, 
Con-
 []

[146]) [147]
Package atveryend Info: Empty hook `BeforeClearDocument' on input line 4664.
Package atveryend Info: Empty hook `AfterLastShipout' on input line 4664.
 (./thesis.aux)
Package atveryend Info: Executing hook `AtVeryEndDocument' on input line 4664.
Package atveryend Info: Executing hook `AtEndAfterFileList' on input line 4664.

Package rerunfilecheck Info: File `thesis.out' has not changed.
(rerunfilecheck)             Checksum: 8E252BD6C838A41A59F328581AD15561;6585.


LaTeX Warning: There were undefined references.


LaTeX Warning: Label(s) may have changed. Rerun to get cross-references right.

Package atveryend Info: Empty hook `AtVeryVeryEnd' on input line 4664.
 ) 
Here is how much of TeX's memory you used:
 29279 strings out of 493117
 532419 string characters out of 6135433
 763610 words of memory out of 5000000
 31309 multiletter control sequences out of 15000+600000
 14152 words of font info for 50 fonts, out of 8000000 for 9000
 1141 hyphenation exceptions out of 8191
 55i,16n,80p,1760b,1902s stack positions out of 5000i,500n,10000p,200000b,80000s
pdfTeX warning (dest): name{Hfootnote.17} has been referenced but does not ex
ist, replaced by a fixed one

pdfTeX warning (dest): name{Hfootnote.16} has been referenced but does not exis
t, replaced by a fixed one

pdfTeX warning (dest): name{Hfootnote.15} has been referenced but does not exis
t, replaced by a fixed one

pdfTeX warning (dest): name{Hfootnote.14} has been referenced but does not exis
t, replaced by a fixed one

pdfTeX warning (dest): name{Hfootnote.13} has been referenced but does not exis
t, replaced by a fixed one

pdfTeX warning (dest): name{Hfootnote.12} has been referenced but does not exis
t, replaced by a fixed one

pdfTeX warning (dest): name{Hfootnote.11} has been referenced but does not exis
t, replaced by a fixed one

pdfTeX warning (dest): name{Hfootnote.10} has been referenced but does not exis
t, replaced by a fixed one

pdfTeX warning (dest): name{Hfootnote.9} has been referenced but does not exist
, replaced by a fixed one

pdfTeX warning (dest): name{glo:eda} has been referenced but does not exist, re
placed by a fixed one

pdfTeX warning (dest): name{Hfootnote.8} has been referenced but does not exist
, replaced by a fixed one

pdfTeX warning (dest): name{Hfootnote.7} has been referenced but does not exist
, replaced by a fixed one

pdfTeX warning (dest): name{Hfootnote.6} has been referenced but does not exist
, replaced by a fixed one

pdfTeX warning (dest): name{Hfootnote.5} has been referenced but does not exist
, replaced by a fixed one

pdfTeX warning (dest): name{Hfootnote.4} has been referenced but does not exist
, replaced by a fixed one

pdfTeX warning (dest): name{Hfootnote.3} has been referenced but does not exist
, replaced by a fixed one

pdfTeX warning (dest): name{Hfootnote.2} has been referenced but does not exist
, replaced by a fixed one

pdfTeX warning (dest): name{Hfootnote.1} has been referenced but does not exist
, replaced by a fixed one

</usr/local/texlive/2014/texmf-dist/fonts/type1/public/amsfonts/cm/cmbx10.pfb><
/usr/local/texlive/2014/texmf-dist/fonts/type1/public/amsfonts/cm/cmbx12.pfb></
usr/local/texlive/2014/texmf-dist/fonts/type1/public/amsfonts/cm/cmcsc10.pfb></
usr/local/texlive/2014/texmf-dist/fonts/type1/public/amsfonts/cm/cmex10.pfb></u
sr/local/texlive/2014/texmf-dist/fonts/type1/public/amsfonts/cm/cmmi10.pfb></us
r/local/texlive/2014/texmf-dist/fonts/type1/public/amsfonts/cm/cmmi12.pfb></usr
/local/texlive/2014/texmf-dist/fonts/type1/public/amsfonts/cm/cmmi8.pfb></usr/l
ocal/texlive/2014/texmf-dist/fonts/type1/public/amsfonts/cm/cmr10.pfb></usr/loc
al/texlive/2014/texmf-dist/fonts/type1/public/amsfonts/cm/cmr12.pfb></usr/local
/texlive/2014/texmf-dist/fonts/type1/public/amsfonts/cm/cmr7.pfb></usr/local/te
xlive/2014/texmf-dist/fonts/type1/public/amsfonts/cm/cmr8.pfb></usr/local/texli
ve/2014/texmf-dist/fonts/type1/public/amsfonts/cm/cmsl12.pfb></usr/local/texliv
e/2014/texmf-dist/fonts/type1/public/amsfonts/cm/cmsy10.pfb></usr/local/texlive
/2014/texmf-dist/fonts/type1/public/amsfonts/cm/cmti10.pfb></usr/local/texlive/
2014/texmf-dist/fonts/type1/public/amsfonts/cm/cmti12.pfb></usr/local/texlive/2
014/texmf-dist/fonts/type1/public/amsfonts/cm/cmtt12.pfb></usr/local/texlive/20
14/texmf-dist/fonts/type1/public/txfonts/t1xbtt.pfb></usr/local/texlive/2014/te
xmf-dist/fonts/type1/public/txfonts/t1xtt.pfb>
Output written on thesis.pdf (147 pages, 1920207 bytes).
PDF statistics:
 2837 PDF objects out of 2984 (max. 8388607)
 2578 compressed objects within 26 object streams
 868 named destinations out of 1000 (max. 500000)
 1056 words of extra memory for PDF output out of 10000 (max. 10000000)

